#! c:/iverilog-x86/bin/vvp
:ivl_version "10.0 (stable)" "(v10_0)";
:ivl_delay_selection "TYPICAL";
:vpi_time_precision + 0;
:vpi_module "system";
:vpi_module "vhdl_sys";
:vpi_module "v2005_math";
:vpi_module "va_math";
S_00a2b5b0 .scope module, "testbed" "testbed" 2 16;
 .timescale 0 0;
v00a93b30_0 .var "A", 3 0;
v00a93ea0_0 .var "B", 3 0;
v00a93d98_0 .net "C", 3 0, L_00aa47f8;  1 drivers
v00a93a28_0 .var/s "C_twoscomplement", 3 0;
v00a94058_0 .var "load1", 0 0;
v00a93a80_0 .var "load2", 0 0;
v00a93df0_0 .var "op_select", 1 0;
v00a938c8_0 .var "run", 0 0;
E_00a33480 .event edge, v00a92848_0;
S_00a4cbd8 .scope module, "mu_alu" "ALU" 2 32, 2 122 0, S_00a2b5b0;
 .timescale 0 0;
    .port_info 0 /OUTPUT 4 "C"
    .port_info 1 /INPUT 4 "A"
    .port_info 2 /INPUT 4 "B"
    .port_info 3 /INPUT 1 "load1"
    .port_info 4 /INPUT 1 "load2"
    .port_info 5 /INPUT 2 "op_select"
    .port_info 6 /INPUT 1 "run"
L_00a33e00 .functor AND 1, L_00a93ad8, L_00a93ef8, C4<1>, C4<1>;
L_00a33f68 .functor XOR 1, L_00a93978, L_00a93b88, C4<0>, C4<0>;
L_00a338f0 .functor NOT 1, L_00a93c38, C4<0>, C4<0>, C4<0>;
L_00a33980 .functor AND 1, L_00a940b0, L_00a338f0, C4<1>, C4<1>;
v00a929a8_0 .net "A", 3 0, v00a93b30_0;  1 drivers
v00a92cc0_0 .net "A0", 3 0, v00a813a0_0;  1 drivers
v00a922c8_0 .net "AS", 3 0, L_00a96ad0;  1 drivers
v00a925e0_0 .net "B", 3 0, v00a93ea0_0;  1 drivers
v00a931e8_0 .net "B0", 3 0, v00a81b30_0;  1 drivers
v00a93450_0 .net "C", 3 0, L_00aa47f8;  alias, 1 drivers
v00a937c0_0 .net "D", 3 0, L_00aa2960;  1 drivers
v00a92e78_0 .net "L", 0 0, L_00a33980;  1 drivers
v00a93240_0 .net "M", 3 0, L_00a998e0;  1 drivers
v00a93138_0 .net "M0", 3 0, L_00aa2438;  1 drivers
v00a93558_0 .net "M1", 3 0, L_00aa2858;  1 drivers
v00a936b8_0 .net "M2", 3 0, L_00aa23e0;  1 drivers
v00a92ed0_0 .net "M3", 3 0, L_00aa2228;  1 drivers
v00a93298_0 .net "X", 3 0, L_00a993b8;  1 drivers
v00a92fd8_0 .net *"_s1", 0 0, L_00a33e00;  1 drivers
v00a935b0_0 .net *"_s12", 0 0, L_00a93978;  1 drivers
v00a932f0_0 .net *"_s14", 0 0, L_00a93b88;  1 drivers
v00a93710_0 .net *"_s17", 0 0, L_00a93c38;  1 drivers
v00a930e0_0 .net *"_s20", 0 0, L_00a940b0;  1 drivers
v00a93348_0 .net *"_s24", 0 0, L_00a964a0;  1 drivers
v00a92d18_0 .net *"_s28", 0 0, L_00a96810;  1 drivers
v00a93608_0 .net *"_s32", 0 0, L_00a96600;  1 drivers
v00a934a8_0 .net *"_s36", 0 0, L_00a964f8;  1 drivers
v00a92f28_0 .net *"_s4", 0 0, L_00a93ad8;  1 drivers
v00a93768_0 .net *"_s40", 0 0, L_00a96708;  1 drivers
v00a93088_0 .net *"_s44", 0 0, L_00a96a20;  1 drivers
v00a93660_0 .net *"_s48", 0 0, L_00a96340;  1 drivers
v00a92dc8_0 .net *"_s52", 0 0, L_00a966b0;  1 drivers
v00a92f80_0 .net *"_s56", 0 0, L_00a96550;  1 drivers
v00a93190_0 .net *"_s6", 0 0, L_00a93ef8;  1 drivers
v00a933a0_0 .net *"_s60", 0 0, L_00a96760;  1 drivers
v00a92d70_0 .net *"_s64", 0 0, L_00a96398;  1 drivers
v00a93500_0 .net *"_s68", 0 0, L_00a96918;  1 drivers
v00a933f8_0 .net *"_s8", 0 0, L_00a33f68;  1 drivers
o00a53cd4 .functor BUFZ 1, C4<z>; HiZ drive
; Elide local net with no drivers, v00a93030_0 name=_s80
o00a53cec .functor BUFZ 1, C4<z>; HiZ drive
; Elide local net with no drivers, v00a92e20_0 name=_s83
o00a53d04 .functor BUFZ 1, C4<z>; HiZ drive
; Elide local net with no drivers, v00a939d0_0 name=_s86
o00a53d1c .functor BUFZ 1, C4<z>; HiZ drive
; Elide local net with no drivers, v00a93870_0 name=_s89
v00a93818_0 .net "load1", 0 0, v00a94058_0;  1 drivers
v00a93be0_0 .net "load2", 0 0, v00a93a80_0;  1 drivers
v00a93f50_0 .net "op_select", 1 0, v00a93df0_0;  1 drivers
v00a94160_0 .net "run", 0 0, v00a938c8_0;  1 drivers
v00a93fa8_0 .net "select", 1 0, L_00a93920;  1 drivers
v00a94000_0 .net "w", 0 0, L_00a338f0;  1 drivers
L_00a93ad8 .part v00a93df0_0, 0, 1;
L_00a93ef8 .part v00a93df0_0, 1, 1;
L_00a93920 .concat8 [ 1 1 0 0], L_00a33f68, L_00a33e00;
L_00a93978 .part v00a93df0_0, 0, 1;
L_00a93b88 .part v00a93df0_0, 1, 1;
L_00a93c38 .part v00a93df0_0, 0, 1;
L_00a940b0 .part v00a93df0_0, 1, 1;
L_00a964a0 .part L_00a993b8, 0, 1;
L_00a96810 .part L_00a993b8, 1, 1;
L_00a96600 .part L_00a993b8, 2, 1;
L_00a964f8 .part L_00a993b8, 3, 1;
L_00a96708 .part L_00a96ad0, 0, 1;
L_00a96a20 .part L_00a96ad0, 1, 1;
L_00a96340 .part L_00a96ad0, 2, 1;
L_00a966b0 .part L_00a96ad0, 3, 1;
L_00a96550 .part L_00a998e0, 0, 1;
L_00a96760 .part L_00a998e0, 1, 1;
L_00a96398 .part L_00a998e0, 2, 1;
L_00a96918 .part L_00a998e0, 3, 1;
L_00aa2960 .concat8 [ 1 1 1 1], L_00a9c9d0, L_00a9cb38, L_00a9c940, L_00aa44e0;
L_00aa2438 .concat [ 1 1 1 1], L_00a964a0, L_00a96708, L_00a96550, o00a53cd4;
L_00aa2858 .concat [ 1 1 1 1], L_00a96810, L_00a96a20, L_00a96760, o00a53cec;
L_00aa23e0 .concat [ 1 1 1 1], L_00a96600, L_00a96340, L_00a96398, o00a53d04;
L_00aa2228 .concat [ 1 1 1 1], L_00a964f8, L_00a966b0, L_00a96918, o00a53d1c;
S_00a4f9f0 .scope module, "as" "add_sub" 2 156, 2 288 0, S_00a4cbd8;
 .timescale 0 0;
    .port_info 0 /OUTPUT 4 "AS"
    .port_info 1 /INPUT 4 "A"
    .port_info 2 /INPUT 4 "B"
    .port_info 3 /INPUT 1 "L"
L_00a9c2c8 .functor XOR 1, L_00a99af0, L_00a33980, C4<0>, C4<0>;
L_00a9c4c0 .functor XOR 1, L_00a99d58, L_00a33980, C4<0>, C4<0>;
L_00a9c310 .functor XOR 1, L_00a99a98, L_00a33980, C4<0>, C4<0>;
L_00a9c8b0 .functor XOR 1, L_00a99ca8, L_00a33980, C4<0>, C4<0>;
v00a81450_0 .net "A", 3 0, v00a813a0_0;  alias, 1 drivers
v00a80e78_0 .net "AS", 3 0, L_00a96ad0;  alias, 1 drivers
v00a80e20_0 .net "B", 3 0, v00a81b30_0;  alias, 1 drivers
v00a80f80_0 .net "C0", 0 0, L_00a9c5e0;  1 drivers
v00a81138_0 .net "D", 3 0, L_00a99990;  1 drivers
L_02920078 .functor BUFT 1, C4<0>, C4<0>, C4<0>, C4<0>;
v00a80fd8_0 .net "G", 0 0, L_02920078;  1 drivers
v00a81608_0 .net "L", 0 0, L_00a33980;  alias, 1 drivers
v00a81088_0 .net *"_s11", 0 0, L_00a99d58;  1 drivers
v00a811e8_0 .net *"_s13", 0 0, L_00a9c310;  1 drivers
v00a81190_0 .net *"_s16", 0 0, L_00a99a98;  1 drivers
v00a81240_0 .net *"_s18", 0 0, L_00a9c8b0;  1 drivers
v00a81660_0 .net *"_s22", 0 0, L_00a99ca8;  1 drivers
v00a81768_0 .net *"_s3", 0 0, L_00a9c2c8;  1 drivers
v00a81298_0 .net *"_s6", 0 0, L_00a99af0;  1 drivers
v00a81870_0 .net *"_s8", 0 0, L_00a9c4c0;  1 drivers
L_00a99af0 .part v00a81b30_0, 0, 1;
L_00a99d58 .part v00a81b30_0, 1, 1;
L_00a99a98 .part v00a81b30_0, 2, 1;
L_00a99990 .concat8 [ 1 1 1 1], L_00a9c2c8, L_00a9c4c0, L_00a9c310, L_00a9c8b0;
L_00a99ca8 .part v00a81b30_0, 3, 1;
S_00a4fac0 .scope module, "a0" "adder" 2 307, 2 267 0, S_00a4f9f0;
 .timescale 0 0;
    .port_info 0 /OUTPUT 1 "CO"
    .port_info 1 /OUTPUT 4 "S"
    .port_info 2 /INPUT 4 "A"
    .port_info 3 /INPUT 4 "B"
    .port_info 4 /INPUT 1 "CI"
v00a81500_0 .net "A", 3 0, v00a813a0_0;  alias, 1 drivers
v00a80dc8_0 .net "B", 3 0, L_00a99990;  alias, 1 drivers
v00a815b0_0 .net "CI", 0 0, L_00a33980;  alias, 1 drivers
v00a81710_0 .net "CO", 0 0, L_00a9c5e0;  alias, 1 drivers
v00a81818_0 .net "S", 3 0, L_00a96ad0;  alias, 1 drivers
v00a80f28_0 .net "w", 2 0, L_00a99938;  1 drivers
L_00a99f68 .part v00a813a0_0, 0, 1;
L_00a99a40 .part L_00a99990, 0, 1;
L_00a99e60 .part v00a813a0_0, 1, 1;
L_00a99eb8 .part L_00a99990, 1, 1;
L_00a99f10 .part L_00a99938, 0, 1;
L_00a99938 .concat8 [ 1 1 1 0], L_00a9c790, L_00a9c1f0, L_00a9c628;
L_00a96658 .part v00a813a0_0, 2, 1;
L_00a96a78 .part L_00a99990, 2, 1;
L_00a96bd8 .part L_00a99938, 1, 1;
L_00a96ad0 .concat8 [ 1 1 1 1], L_00a9c118, L_00a9bff8, L_00a9c3a0, L_00a9c478;
L_00a962e8 .part v00a813a0_0, 3, 1;
L_00a96448 .part L_00a99990, 3, 1;
L_00a965a8 .part L_00a99938, 2, 1;
S_00903578 .scope module, "fa0" "full_adder" 2 279, 2 366 0, S_00a4fac0;
 .timescale 0 0;
    .port_info 0 /OUTPUT 1 "CO"
    .port_info 1 /OUTPUT 1 "S"
    .port_info 2 /INPUT 1 "A"
    .port_info 3 /INPUT 1 "B"
    .port_info 4 /INPUT 1 "CI"
L_00a9c790 .functor OR 1, L_00a99bf8, L_00a99c50, C4<0>, C4<0>;
v00a3d588_0 .net "A", 0 0, L_00a99f68;  1 drivers
v00a3d270_0 .net "B", 0 0, L_00a99a40;  1 drivers
v00a3cc98_0 .net "CI", 0 0, L_00a33980;  alias, 1 drivers
v00a3ce50_0 .net "CO", 0 0, L_00a9c790;  1 drivers
v00a806b0_0 .net "S", 0 0, L_00a9c118;  1 drivers
v00a7fe18_0 .net *"_s11", 0 0, L_00a99bf8;  1 drivers
v00a7ff78_0 .net *"_s13", 0 0, L_00a99c50;  1 drivers
v00a803f0_0 .net "w", 2 0, L_00a99b48;  1 drivers
L_00a99b48 .concat8 [ 1 1 1 0], L_00a9c088, L_00a9c508, L_00a9c3e8;
L_00a999e8 .part L_00a99b48, 1, 1;
L_00a99bf8 .part L_00a99b48, 0, 1;
L_00a99c50 .part L_00a99b48, 2, 1;
S_00903648 .scope module, "ha0" "half_adder" 2 374, 2 353 0, S_00903578;
 .timescale 0 0;
    .port_info 0 /OUTPUT 1 "C"
    .port_info 1 /OUTPUT 1 "S"
    .port_info 2 /INPUT 1 "A"
    .port_info 3 /INPUT 1 "B"
L_00a9c508 .functor XOR 1, L_00a99f68, L_00a99a40, C4<0>, C4<0>;
L_00a9c088 .functor AND 1, L_00a99f68, L_00a99a40, C4<1>, C4<1>;
v00a3d2c8_0 .net "A", 0 0, L_00a99f68;  alias, 1 drivers
v00a3d480_0 .net "B", 0 0, L_00a99a40;  alias, 1 drivers
v00a3d320_0 .net "C", 0 0, L_00a9c088;  1 drivers
v00a3d378_0 .net "S", 0 0, L_00a9c508;  1 drivers
S_009e3e50 .scope module, "ha1" "half_adder" 2 375, 2 353 0, S_00903578;
 .timescale 0 0;
    .port_info 0 /OUTPUT 1 "C"
    .port_info 1 /OUTPUT 1 "S"
    .port_info 2 /INPUT 1 "A"
    .port_info 3 /INPUT 1 "B"
L_00a9c118 .functor XOR 1, L_00a999e8, L_00a33980, C4<0>, C4<0>;
L_00a9c3e8 .functor AND 1, L_00a999e8, L_00a33980, C4<1>, C4<1>;
v00a3d3d0_0 .net "A", 0 0, L_00a999e8;  1 drivers
v00a3d428_0 .net "B", 0 0, L_00a33980;  alias, 1 drivers
v00a3d4d8_0 .net "C", 0 0, L_00a9c3e8;  1 drivers
v00a3d530_0 .net "S", 0 0, L_00a9c118;  alias, 1 drivers
S_009e3f20 .scope module, "fa1" "full_adder" 2 280, 2 366 0, S_00a4fac0;
 .timescale 0 0;
    .port_info 0 /OUTPUT 1 "CO"
    .port_info 1 /OUTPUT 1 "S"
    .port_info 2 /INPUT 1 "A"
    .port_info 3 /INPUT 1 "B"
    .port_info 4 /INPUT 1 "CI"
L_00a9c1f0 .functor OR 1, L_00a99db0, L_00a99e08, C4<0>, C4<0>;
v00a802e8_0 .net "A", 0 0, L_00a99e60;  1 drivers
v00a7fec8_0 .net "B", 0 0, L_00a99eb8;  1 drivers
v00a804a0_0 .net "CI", 0 0, L_00a99f10;  1 drivers
v00a804f8_0 .net "CO", 0 0, L_00a9c1f0;  1 drivers
v00a80130_0 .net "S", 0 0, L_00a9bff8;  1 drivers
v00a80398_0 .net *"_s11", 0 0, L_00a99db0;  1 drivers
v00a80550_0 .net *"_s13", 0 0, L_00a99e08;  1 drivers
v00a80340_0 .net "w", 2 0, L_00a99fc0;  1 drivers
L_00a99fc0 .concat8 [ 1 1 1 0], L_00a9c1a8, L_00a9c160, L_00a9c238;
L_00a9a018 .part L_00a99fc0, 1, 1;
L_00a99db0 .part L_00a99fc0, 0, 1;
L_00a99e08 .part L_00a99fc0, 2, 1;
S_009ea4f8 .scope module, "ha0" "half_adder" 2 374, 2 353 0, S_009e3f20;
 .timescale 0 0;
    .port_info 0 /OUTPUT 1 "C"
    .port_info 1 /OUTPUT 1 "S"
    .port_info 2 /INPUT 1 "A"
    .port_info 3 /INPUT 1 "B"
L_00a9c160 .functor XOR 1, L_00a99e60, L_00a99eb8, C4<0>, C4<0>;
L_00a9c1a8 .functor AND 1, L_00a99e60, L_00a99eb8, C4<1>, C4<1>;
v00a7ffd0_0 .net "A", 0 0, L_00a99e60;  alias, 1 drivers
v00a80080_0 .net "B", 0 0, L_00a99eb8;  alias, 1 drivers
v00a801e0_0 .net "C", 0 0, L_00a9c1a8;  1 drivers
v00a80238_0 .net "S", 0 0, L_00a9c160;  1 drivers
S_009ea5c8 .scope module, "ha1" "half_adder" 2 375, 2 353 0, S_009e3f20;
 .timescale 0 0;
    .port_info 0 /OUTPUT 1 "C"
    .port_info 1 /OUTPUT 1 "S"
    .port_info 2 /INPUT 1 "A"
    .port_info 3 /INPUT 1 "B"
L_00a9bff8 .functor XOR 1, L_00a9a018, L_00a99f10, C4<0>, C4<0>;
L_00a9c238 .functor AND 1, L_00a9a018, L_00a99f10, C4<1>, C4<1>;
v00a80448_0 .net "A", 0 0, L_00a9a018;  1 drivers
v00a80760_0 .net "B", 0 0, L_00a99f10;  alias, 1 drivers
v00a80290_0 .net "C", 0 0, L_00a9c238;  1 drivers
v00a7fdc0_0 .net "S", 0 0, L_00a9bff8;  alias, 1 drivers
S_009fa020 .scope module, "fa2" "full_adder" 2 281, 2 366 0, S_00a4fac0;
 .timescale 0 0;
    .port_info 0 /OUTPUT 1 "CO"
    .port_info 1 /OUTPUT 1 "S"
    .port_info 2 /INPUT 1 "A"
    .port_info 3 /INPUT 1 "B"
    .port_info 4 /INPUT 1 "CI"
L_00a9c628 .functor OR 1, L_00a9a120, L_00a9a178, C4<0>, C4<0>;
v00a80868_0 .net "A", 0 0, L_00a96658;  1 drivers
v00a7ff20_0 .net "B", 0 0, L_00a96a78;  1 drivers
v00a80028_0 .net "CI", 0 0, L_00a96bd8;  1 drivers
v00a800d8_0 .net "CO", 0 0, L_00a9c628;  1 drivers
v00a80d38_0 .net "S", 0 0, L_00a9c3a0;  1 drivers
v00a808c0_0 .net *"_s11", 0 0, L_00a9a120;  1 drivers
v00a80ce0_0 .net *"_s13", 0 0, L_00a9a178;  1 drivers
v00a80c88_0 .net "w", 2 0, L_00a9a070;  1 drivers
L_00a9a070 .concat8 [ 1 1 1 0], L_00a9c6b8, L_00a9c550, L_00a9c280;
L_00a9a0c8 .part L_00a9a070, 1, 1;
L_00a9a120 .part L_00a9a070, 0, 1;
L_00a9a178 .part L_00a9a070, 2, 1;
S_009fa0f0 .scope module, "ha0" "half_adder" 2 374, 2 353 0, S_009fa020;
 .timescale 0 0;
    .port_info 0 /OUTPUT 1 "C"
    .port_info 1 /OUTPUT 1 "S"
    .port_info 2 /INPUT 1 "A"
    .port_info 3 /INPUT 1 "B"
L_00a9c550 .functor XOR 1, L_00a96658, L_00a96a78, C4<0>, C4<0>;
L_00a9c6b8 .functor AND 1, L_00a96658, L_00a96a78, C4<1>, C4<1>;
v00a80188_0 .net "A", 0 0, L_00a96658;  alias, 1 drivers
v00a805a8_0 .net "B", 0 0, L_00a96a78;  alias, 1 drivers
v00a7fe70_0 .net "C", 0 0, L_00a9c6b8;  1 drivers
v00a80600_0 .net "S", 0 0, L_00a9c550;  1 drivers
S_009fb218 .scope module, "ha1" "half_adder" 2 375, 2 353 0, S_009fa020;
 .timescale 0 0;
    .port_info 0 /OUTPUT 1 "C"
    .port_info 1 /OUTPUT 1 "S"
    .port_info 2 /INPUT 1 "A"
    .port_info 3 /INPUT 1 "B"
L_00a9c3a0 .functor XOR 1, L_00a9a0c8, L_00a96bd8, C4<0>, C4<0>;
L_00a9c280 .functor AND 1, L_00a9a0c8, L_00a96bd8, C4<1>, C4<1>;
v00a80658_0 .net "A", 0 0, L_00a9a0c8;  1 drivers
v00a80708_0 .net "B", 0 0, L_00a96bd8;  alias, 1 drivers
v00a807b8_0 .net "C", 0 0, L_00a9c280;  1 drivers
v00a80810_0 .net "S", 0 0, L_00a9c3a0;  alias, 1 drivers
S_009fb2e8 .scope module, "fa3" "full_adder" 2 282, 2 366 0, S_00a4fac0;
 .timescale 0 0;
    .port_info 0 /OUTPUT 1 "CO"
    .port_info 1 /OUTPUT 1 "S"
    .port_info 2 /INPUT 1 "A"
    .port_info 3 /INPUT 1 "B"
    .port_info 4 /INPUT 1 "CI"
L_00a9c5e0 .functor OR 1, L_00a963f0, L_00a96c30, C4<0>, C4<0>;
v00a80bd8_0 .net "A", 0 0, L_00a962e8;  1 drivers
v00a80c30_0 .net "B", 0 0, L_00a96448;  1 drivers
v00a810e0_0 .net "CI", 0 0, L_00a965a8;  1 drivers
v00a814a8_0 .net "CO", 0 0, L_00a9c5e0;  alias, 1 drivers
v00a81030_0 .net "S", 0 0, L_00a9c478;  1 drivers
v00a812f0_0 .net *"_s11", 0 0, L_00a963f0;  1 drivers
v00a80ed0_0 .net *"_s13", 0 0, L_00a96c30;  1 drivers
v00a81558_0 .net "w", 2 0, L_00a968c0;  1 drivers
L_00a968c0 .concat8 [ 1 1 1 0], L_00a9c430, L_00a9c358, L_00a9c598;
L_00a96868 .part L_00a968c0, 1, 1;
L_00a963f0 .part L_00a968c0, 0, 1;
L_00a96c30 .part L_00a968c0, 2, 1;
S_009f15d8 .scope module, "ha0" "half_adder" 2 374, 2 353 0, S_009fb2e8;
 .timescale 0 0;
    .port_info 0 /OUTPUT 1 "C"
    .port_info 1 /OUTPUT 1 "S"
    .port_info 2 /INPUT 1 "A"
    .port_info 3 /INPUT 1 "B"
L_00a9c358 .functor XOR 1, L_00a962e8, L_00a96448, C4<0>, C4<0>;
L_00a9c430 .functor AND 1, L_00a962e8, L_00a96448, C4<1>, C4<1>;
v00a80b80_0 .net "A", 0 0, L_00a962e8;  alias, 1 drivers
v00a80a78_0 .net "B", 0 0, L_00a96448;  alias, 1 drivers
v00a80b28_0 .net "C", 0 0, L_00a9c430;  1 drivers
v00a809c8_0 .net "S", 0 0, L_00a9c358;  1 drivers
S_009f16a8 .scope module, "ha1" "half_adder" 2 375, 2 353 0, S_009fb2e8;
 .timescale 0 0;
    .port_info 0 /OUTPUT 1 "C"
    .port_info 1 /OUTPUT 1 "S"
    .port_info 2 /INPUT 1 "A"
    .port_info 3 /INPUT 1 "B"
L_00a9c478 .functor XOR 1, L_00a96868, L_00a965a8, C4<0>, C4<0>;
L_00a9c598 .functor AND 1, L_00a96868, L_00a965a8, C4<1>, C4<1>;
v00a80918_0 .net "A", 0 0, L_00a96868;  1 drivers
v00a80970_0 .net "B", 0 0, L_00a965a8;  alias, 1 drivers
v00a80ad0_0 .net "C", 0 0, L_00a9c598;  1 drivers
v00a80a20_0 .net "S", 0 0, L_00a9c478;  alias, 1 drivers
S_009f4150 .scope module, "inp_reg1" "register" 2 147, 2 105 0, S_00a4cbd8;
 .timescale 0 0;
    .port_info 0 /INPUT 4 "P"
    .port_info 1 /OUTPUT 4 "Q"
    .port_info 2 /INPUT 1 "load"
v00a813f8_0 .net "P", 3 0, v00a93b30_0;  alias, 1 drivers
v00a816b8_0 .net "Q", 3 0, v00a813a0_0;  alias, 1 drivers
v00a81348_0 .net "load", 0 0, v00a94058_0;  alias, 1 drivers
v00a813a0_0 .var "store", 3 0;
E_00a33368 .event posedge, v00a81348_0;
S_00a82518 .scope module, "inp_reg2" "register" 2 148, 2 105 0, S_00a4cbd8;
 .timescale 0 0;
    .port_info 0 /INPUT 4 "P"
    .port_info 1 /OUTPUT 4 "Q"
    .port_info 2 /INPUT 1 "load"
v00a817c0_0 .net "P", 3 0, v00a93ea0_0;  alias, 1 drivers
v00a81d40_0 .net "Q", 3 0, v00a81b30_0;  alias, 1 drivers
v00a81978_0 .net "load", 0 0, v00a93a80_0;  alias, 1 drivers
v00a81b30_0 .var "store", 3 0;
E_00a332a0 .event posedge, v00a81978_0;
S_00a82108 .scope module, "m0" "multiplexer_4_1" 2 181, 2 331 0, S_00a4cbd8;
 .timescale 0 0;
    .port_info 0 /OUTPUT 1 "Z"
    .port_info 1 /INPUT 4 "P"
    .port_info 2 /INPUT 2 "Q"
L_00a9c670 .functor NOT 1, L_00a96970, C4<0>, C4<0>, C4<0>;
L_00a9c700 .functor NOT 1, L_00a96290, C4<0>, C4<0>, C4<0>;
L_00a9c748 .functor AND 1, L_00a967b8, L_00a969c8, L_00a96b28, C4<1>;
L_00a9cd30 .functor AND 1, L_00a96b80, L_00a96c88, L_00a96ce0, C4<1>;
L_00a9cf70 .functor AND 1, L_00a96238, L_00aa1258, L_00aa12b0, C4<1>;
L_00a9ce50 .functor AND 1, L_00aa1570, L_00aa0e38, L_00aa1308, C4<1>;
L_00a9c9d0 .functor OR 1, L_00aa0c80, L_00aa0f98, L_00aa10f8, L_00aa11a8;
v00a818c8_0 .net "P", 3 0, L_00aa2438;  alias, 1 drivers
v00a81b88_0 .net "Q", 1 0, L_00a93920;  alias, 1 drivers
v00a81920_0 .net "Z", 0 0, L_00a9c9d0;  1 drivers
v00a819d0_0 .net *"_s0", 0 0, L_00a9c670;  1 drivers
v00a81ce8_0 .net *"_s11", 0 0, L_00a967b8;  1 drivers
v00a81c38_0 .net *"_s13", 0 0, L_00a969c8;  1 drivers
v00a81a28_0 .net *"_s15", 0 0, L_00a96b28;  1 drivers
v00a81a80_0 .net *"_s16", 0 0, L_00a9cd30;  1 drivers
v00a81be0_0 .net *"_s19", 0 0, L_00a96b80;  1 drivers
v00a81ad8_0 .net *"_s21", 0 0, L_00a96c88;  1 drivers
v00a81c90_0 .net *"_s23", 0 0, L_00a96ce0;  1 drivers
v00a848e0_0 .net *"_s24", 0 0, L_00a9cf70;  1 drivers
v00a84c50_0 .net *"_s27", 0 0, L_00a96238;  1 drivers
v00a849e8_0 .net *"_s29", 0 0, L_00aa1258;  1 drivers
v00a84990_0 .net *"_s3", 0 0, L_00a96970;  1 drivers
v00a84ba0_0 .net *"_s31", 0 0, L_00aa12b0;  1 drivers
v00a84bf8_0 .net *"_s32", 0 0, L_00a9ce50;  1 drivers
v00a84d00_0 .net *"_s36", 0 0, L_00aa1570;  1 drivers
v00a84a98_0 .net *"_s38", 0 0, L_00aa0e38;  1 drivers
v00a84ca8_0 .net *"_s4", 0 0, L_00a9c700;  1 drivers
v00a84a40_0 .net *"_s40", 0 0, L_00aa1308;  1 drivers
v00a84af0_0 .net *"_s43", 0 0, L_00aa0c80;  1 drivers
v00a84938_0 .net *"_s45", 0 0, L_00aa0f98;  1 drivers
v00a84b48_0 .net *"_s47", 0 0, L_00aa10f8;  1 drivers
v00a84d58_0 .net *"_s49", 0 0, L_00aa11a8;  1 drivers
v00a84620_0 .net *"_s7", 0 0, L_00a96290;  1 drivers
v00a83ee8_0 .net *"_s8", 0 0, L_00a9c748;  1 drivers
v00a84678_0 .net "w", 5 0, L_00aa1150;  1 drivers
L_00a96970 .part L_00a93920, 0, 1;
L_00a96290 .part L_00a93920, 1, 1;
L_00a967b8 .part L_00aa1150, 0, 1;
L_00a969c8 .part L_00aa1150, 1, 1;
L_00a96b28 .part L_00aa2438, 0, 1;
L_00a96b80 .part L_00aa1150, 1, 1;
L_00a96c88 .part L_00a93920, 0, 1;
L_00a96ce0 .part L_00aa2438, 1, 1;
L_00a96238 .part L_00aa1150, 0, 1;
L_00aa1258 .part L_00a93920, 1, 1;
L_00aa12b0 .part L_00aa2438, 2, 1;
LS_00aa1150_0_0 .concat8 [ 1 1 1 1], L_00a9c670, L_00a9c700, L_00a9c748, L_00a9cd30;
LS_00aa1150_0_4 .concat8 [ 1 1 0 0], L_00a9cf70, L_00a9ce50;
L_00aa1150 .concat8 [ 4 2 0 0], LS_00aa1150_0_0, LS_00aa1150_0_4;
L_00aa1570 .part L_00a93920, 0, 1;
L_00aa0e38 .part L_00a93920, 1, 1;
L_00aa1308 .part L_00aa2438, 3, 1;
L_00aa0c80 .part L_00aa1150, 2, 1;
L_00aa0f98 .part L_00aa1150, 3, 1;
L_00aa10f8 .part L_00aa1150, 4, 1;
L_00aa11a8 .part L_00aa1150, 5, 1;
S_00a829f8 .scope module, "m1" "multiplexer_4_1" 2 182, 2 331 0, S_00a4cbd8;
 .timescale 0 0;
    .port_info 0 /OUTPUT 1 "Z"
    .port_info 1 /INPUT 4 "P"
    .port_info 2 /INPUT 2 "Q"
L_00a9cc10 .functor NOT 1, L_00aa0b20, C4<0>, C4<0>, C4<0>;
L_00a9cbc8 .functor NOT 1, L_00aa1360, C4<0>, C4<0>, C4<0>;
L_00a9c988 .functor AND 1, L_00aa1200, L_00aa0b78, L_00aa0bd0, C4<1>;
L_00a9cc58 .functor AND 1, L_00aa14c0, L_00aa1048, L_00aa10a0, C4<1>;
L_00a9ca18 .functor AND 1, L_00aa0cd8, L_00aa15c8, L_00aa13b8, C4<1>;
L_00a9cf28 .functor AND 1, L_00aa1410, L_00aa1468, L_00aa0c28, C4<1>;
L_00a9cb38 .functor OR 1, L_00aa0d30, L_00aa1518, L_00aa0d88, L_00aa0de0;
v00a844c0_0 .net "P", 3 0, L_00aa2858;  alias, 1 drivers
v00a84830_0 .net "Q", 1 0, L_00a93920;  alias, 1 drivers
v00a83f40_0 .net "Z", 0 0, L_00a9cb38;  1 drivers
v00a84570_0 .net *"_s0", 0 0, L_00a9cc10;  1 drivers
v00a84468_0 .net *"_s11", 0 0, L_00aa1200;  1 drivers
v00a84888_0 .net *"_s13", 0 0, L_00aa0b78;  1 drivers
v00a84258_0 .net *"_s15", 0 0, L_00aa0bd0;  1 drivers
v00a83de0_0 .net *"_s16", 0 0, L_00a9cc58;  1 drivers
v00a842b0_0 .net *"_s19", 0 0, L_00aa14c0;  1 drivers
v00a846d0_0 .net *"_s21", 0 0, L_00aa1048;  1 drivers
v00a84518_0 .net *"_s23", 0 0, L_00aa10a0;  1 drivers
v00a83f98_0 .net *"_s24", 0 0, L_00a9ca18;  1 drivers
v00a83e38_0 .net *"_s27", 0 0, L_00aa0cd8;  1 drivers
v00a845c8_0 .net *"_s29", 0 0, L_00aa15c8;  1 drivers
v00a84360_0 .net *"_s3", 0 0, L_00aa0b20;  1 drivers
v00a840f8_0 .net *"_s31", 0 0, L_00aa13b8;  1 drivers
v00a83e90_0 .net *"_s32", 0 0, L_00a9cf28;  1 drivers
v00a83ff0_0 .net *"_s36", 0 0, L_00aa1410;  1 drivers
v00a84728_0 .net *"_s38", 0 0, L_00aa1468;  1 drivers
v00a84048_0 .net *"_s4", 0 0, L_00a9cbc8;  1 drivers
v00a840a0_0 .net *"_s40", 0 0, L_00aa0c28;  1 drivers
v00a84200_0 .net *"_s43", 0 0, L_00aa0d30;  1 drivers
v00a84308_0 .net *"_s45", 0 0, L_00aa1518;  1 drivers
v00a843b8_0 .net *"_s47", 0 0, L_00aa0d88;  1 drivers
v00a84780_0 .net *"_s49", 0 0, L_00aa0de0;  1 drivers
v00a847d8_0 .net *"_s7", 0 0, L_00aa1360;  1 drivers
v00a84150_0 .net *"_s8", 0 0, L_00a9c988;  1 drivers
v00a84410_0 .net "w", 5 0, L_00aa0ff0;  1 drivers
L_00aa0b20 .part L_00a93920, 0, 1;
L_00aa1360 .part L_00a93920, 1, 1;
L_00aa1200 .part L_00aa0ff0, 0, 1;
L_00aa0b78 .part L_00aa0ff0, 1, 1;
L_00aa0bd0 .part L_00aa2858, 0, 1;
L_00aa14c0 .part L_00aa0ff0, 1, 1;
L_00aa1048 .part L_00a93920, 0, 1;
L_00aa10a0 .part L_00aa2858, 1, 1;
L_00aa0cd8 .part L_00aa0ff0, 0, 1;
L_00aa15c8 .part L_00a93920, 1, 1;
L_00aa13b8 .part L_00aa2858, 2, 1;
LS_00aa0ff0_0_0 .concat8 [ 1 1 1 1], L_00a9cc10, L_00a9cbc8, L_00a9c988, L_00a9cc58;
LS_00aa0ff0_0_4 .concat8 [ 1 1 0 0], L_00a9ca18, L_00a9cf28;
L_00aa0ff0 .concat8 [ 4 2 0 0], LS_00aa0ff0_0_0, LS_00aa0ff0_0_4;
L_00aa1410 .part L_00a93920, 0, 1;
L_00aa1468 .part L_00a93920, 1, 1;
L_00aa0c28 .part L_00aa2858, 3, 1;
L_00aa0d30 .part L_00aa0ff0, 2, 1;
L_00aa1518 .part L_00aa0ff0, 3, 1;
L_00aa0d88 .part L_00aa0ff0, 4, 1;
L_00aa0de0 .part L_00aa0ff0, 5, 1;
S_00a821d8 .scope module, "m2" "multiplexer_4_1" 2 183, 2 331 0, S_00a4cbd8;
 .timescale 0 0;
    .port_info 0 /OUTPUT 1 "Z"
    .port_info 1 /INPUT 4 "P"
    .port_info 2 /INPUT 2 "Q"
L_00a9cee0 .functor NOT 1, L_00aa0e90, C4<0>, C4<0>, C4<0>;
L_00a9ca60 .functor NOT 1, L_00aa0ee8, C4<0>, C4<0>, C4<0>;
L_00a9cca0 .functor AND 1, L_00aa0f40, L_00aa16d0, L_00aa1938, C4<1>;
L_00a9c8f8 .functor AND 1, L_00aa1a40, L_00aa1d58, L_00aa1a98, C4<1>;
L_00a9caf0 .functor AND 1, L_00aa1af0, L_00aa2070, L_00aa18e0, C4<1>;
L_00a9cd78 .functor AND 1, L_00aa1990, L_00aa19e8, L_00aa17d8, C4<1>;
L_00a9c940 .functor OR 1, L_00aa1f10, L_00aa1728, L_00aa1b48, L_00aa1f68;
v00a841a8_0 .net "P", 3 0, L_00aa23e0;  alias, 1 drivers
v00a897e8_0 .net "Q", 1 0, L_00a93920;  alias, 1 drivers
v00a894d0_0 .net "Z", 0 0, L_00a9c940;  1 drivers
v00a88f50_0 .net *"_s0", 0 0, L_00a9cee0;  1 drivers
v00a88fa8_0 .net *"_s11", 0 0, L_00aa0f40;  1 drivers
v00a891b8_0 .net *"_s13", 0 0, L_00aa16d0;  1 drivers
v00a89528_0 .net *"_s15", 0 0, L_00aa1938;  1 drivers
v00a89160_0 .net *"_s16", 0 0, L_00a9c8f8;  1 drivers
v00a89688_0 .net *"_s19", 0 0, L_00aa1a40;  1 drivers
v00a89318_0 .net *"_s21", 0 0, L_00aa1d58;  1 drivers
v00a88ea0_0 .net *"_s23", 0 0, L_00aa1a98;  1 drivers
v00a89898_0 .net *"_s24", 0 0, L_00a9caf0;  1 drivers
v00a890b0_0 .net *"_s27", 0 0, L_00aa1af0;  1 drivers
v00a89000_0 .net *"_s29", 0 0, L_00aa2070;  1 drivers
v00a88ef8_0 .net *"_s3", 0 0, L_00aa0e90;  1 drivers
v00a89370_0 .net *"_s31", 0 0, L_00aa18e0;  1 drivers
v00a89210_0 .net *"_s32", 0 0, L_00a9cd78;  1 drivers
v00a895d8_0 .net *"_s36", 0 0, L_00aa1990;  1 drivers
v00a893c8_0 .net *"_s38", 0 0, L_00aa19e8;  1 drivers
v00a89268_0 .net *"_s4", 0 0, L_00a9ca60;  1 drivers
v00a892c0_0 .net *"_s40", 0 0, L_00aa17d8;  1 drivers
v00a89478_0 .net *"_s43", 0 0, L_00aa1f10;  1 drivers
v00a89058_0 .net *"_s45", 0 0, L_00aa1728;  1 drivers
v00a89580_0 .net *"_s47", 0 0, L_00aa1b48;  1 drivers
v00a89420_0 .net *"_s49", 0 0, L_00aa1f68;  1 drivers
v00a89630_0 .net *"_s7", 0 0, L_00aa0ee8;  1 drivers
v00a88df0_0 .net *"_s8", 0 0, L_00a9cca0;  1 drivers
v00a88e48_0 .net "w", 5 0, L_00aa1780;  1 drivers
L_00aa0e90 .part L_00a93920, 0, 1;
L_00aa0ee8 .part L_00a93920, 1, 1;
L_00aa0f40 .part L_00aa1780, 0, 1;
L_00aa16d0 .part L_00aa1780, 1, 1;
L_00aa1938 .part L_00aa23e0, 0, 1;
L_00aa1a40 .part L_00aa1780, 1, 1;
L_00aa1d58 .part L_00a93920, 0, 1;
L_00aa1a98 .part L_00aa23e0, 1, 1;
L_00aa1af0 .part L_00aa1780, 0, 1;
L_00aa2070 .part L_00a93920, 1, 1;
L_00aa18e0 .part L_00aa23e0, 2, 1;
LS_00aa1780_0_0 .concat8 [ 1 1 1 1], L_00a9cee0, L_00a9ca60, L_00a9cca0, L_00a9c8f8;
LS_00aa1780_0_4 .concat8 [ 1 1 0 0], L_00a9caf0, L_00a9cd78;
L_00aa1780 .concat8 [ 4 2 0 0], LS_00aa1780_0_0, LS_00aa1780_0_4;
L_00aa1990 .part L_00a93920, 0, 1;
L_00aa19e8 .part L_00a93920, 1, 1;
L_00aa17d8 .part L_00aa23e0, 3, 1;
L_00aa1f10 .part L_00aa1780, 2, 1;
L_00aa1728 .part L_00aa1780, 3, 1;
L_00aa1b48 .part L_00aa1780, 4, 1;
L_00aa1f68 .part L_00aa1780, 5, 1;
S_00a82ac8 .scope module, "m3" "multiplexer_4_1" 2 184, 2 331 0, S_00a4cbd8;
 .timescale 0 0;
    .port_info 0 /OUTPUT 1 "Z"
    .port_info 1 /INPUT 4 "P"
    .port_info 2 /INPUT 2 "Q"
L_00a9caa8 .functor NOT 1, L_00aa1db0, C4<0>, C4<0>, C4<0>;
L_00a9cb80 .functor NOT 1, L_00aa1fc0, C4<0>, C4<0>, C4<0>;
L_00a9cdc0 .functor AND 1, L_00aa1e08, L_00aa1ba0, L_00aa1c50, C4<1>;
L_00a9cce8 .functor AND 1, L_00aa1bf8, L_00aa1830, L_00aa1e60, C4<1>;
L_00a9ce08 .functor AND 1, L_00aa1888, L_00aa1ca8, L_00aa1d00, C4<1>;
L_00a9ce98 .functor AND 1, L_00aa1eb8, L_00aa2018, L_00aa20c8, C4<1>;
L_00aa44e0 .functor OR 1, L_00aa1678, L_00aa2648, L_00aa2598, L_00aa2750;
v00a896e0_0 .net "P", 3 0, L_00aa2228;  alias, 1 drivers
v00a89738_0 .net "Q", 1 0, L_00a93920;  alias, 1 drivers
v00a89790_0 .net "Z", 0 0, L_00aa44e0;  1 drivers
v00a89840_0 .net *"_s0", 0 0, L_00a9caa8;  1 drivers
v00a89108_0 .net *"_s11", 0 0, L_00aa1e08;  1 drivers
v00a89b00_0 .net *"_s13", 0 0, L_00aa1ba0;  1 drivers
v00a899a0_0 .net *"_s15", 0 0, L_00aa1c50;  1 drivers
v00a89a50_0 .net *"_s16", 0 0, L_00a9cce8;  1 drivers
v00a89d68_0 .net *"_s19", 0 0, L_00aa1bf8;  1 drivers
v00a89c60_0 .net *"_s21", 0 0, L_00aa1830;  1 drivers
v00a89cb8_0 .net *"_s23", 0 0, L_00aa1e60;  1 drivers
v00a89b58_0 .net *"_s24", 0 0, L_00a9ce08;  1 drivers
v00a89aa8_0 .net *"_s27", 0 0, L_00aa1888;  1 drivers
v00a89d10_0 .net *"_s29", 0 0, L_00aa1ca8;  1 drivers
v00a89bb0_0 .net *"_s3", 0 0, L_00aa1db0;  1 drivers
v00a89c08_0 .net *"_s31", 0 0, L_00aa1d00;  1 drivers
v00a898f0_0 .net *"_s32", 0 0, L_00a9ce98;  1 drivers
v00a89948_0 .net *"_s36", 0 0, L_00aa1eb8;  1 drivers
v00a899f8_0 .net *"_s38", 0 0, L_00aa2018;  1 drivers
v00a8bce8_0 .net *"_s4", 0 0, L_00a9cb80;  1 drivers
v00a8bad8_0 .net *"_s40", 0 0, L_00aa20c8;  1 drivers
v00a8b558_0 .net *"_s43", 0 0, L_00aa1678;  1 drivers
v00a8b978_0 .net *"_s45", 0 0, L_00aa2648;  1 drivers
v00a8b8c8_0 .net *"_s47", 0 0, L_00aa2598;  1 drivers
v00a8b9d0_0 .net *"_s49", 0 0, L_00aa2750;  1 drivers
v00a8b920_0 .net *"_s7", 0 0, L_00aa1fc0;  1 drivers
v00a8b818_0 .net *"_s8", 0 0, L_00a9cdc0;  1 drivers
v00a8bc90_0 .net "w", 5 0, L_00aa1620;  1 drivers
L_00aa1db0 .part L_00a93920, 0, 1;
L_00aa1fc0 .part L_00a93920, 1, 1;
L_00aa1e08 .part L_00aa1620, 0, 1;
L_00aa1ba0 .part L_00aa1620, 1, 1;
L_00aa1c50 .part L_00aa2228, 0, 1;
L_00aa1bf8 .part L_00aa1620, 1, 1;
L_00aa1830 .part L_00a93920, 0, 1;
L_00aa1e60 .part L_00aa2228, 1, 1;
L_00aa1888 .part L_00aa1620, 0, 1;
L_00aa1ca8 .part L_00a93920, 1, 1;
L_00aa1d00 .part L_00aa2228, 2, 1;
LS_00aa1620_0_0 .concat8 [ 1 1 1 1], L_00a9caa8, L_00a9cb80, L_00a9cdc0, L_00a9cce8;
LS_00aa1620_0_4 .concat8 [ 1 1 0 0], L_00a9ce08, L_00a9ce98;
L_00aa1620 .concat8 [ 4 2 0 0], LS_00aa1620_0_0, LS_00aa1620_0_4;
L_00aa1eb8 .part L_00a93920, 0, 1;
L_00aa2018 .part L_00a93920, 1, 1;
L_00aa20c8 .part L_00aa2228, 3, 1;
L_00aa1678 .part L_00aa1620, 2, 1;
L_00aa2648 .part L_00aa1620, 3, 1;
L_00aa2598 .part L_00aa1620, 4, 1;
L_00aa2750 .part L_00aa1620, 5, 1;
S_00a82788 .scope module, "mult" "multiplier" 2 154, 2 192 0, S_00a4cbd8;
 .timescale 0 0;
    .port_info 0 /OUTPUT 4 "M"
    .port_info 1 /INPUT 4 "A"
    .port_info 2 /INPUT 4 "B"
L_00a338a8 .functor AND 1, L_00a93c90, L_00a93ce8, C4<1>, C4<1>;
L_00a33ed8 .functor AND 1, L_00a93d40, L_00a93e48, C4<1>, C4<1>;
L_00a33b78 .functor AND 1, L_00a94108, L_00a97050, C4<1>, C4<1>;
L_00a33a58 .functor AND 1, L_00a975d0, L_00a96d38, C4<1>, C4<1>;
L_00a33f20 .functor AND 1, L_00a96ff8, L_00a97158, C4<1>, C4<1>;
L_00a33bc0 .functor AND 1, L_00a97578, L_00a976d8, C4<1>, C4<1>;
L_00a33aa0 .functor AND 1, L_00a970a8, L_00a96d90, C4<1>, C4<1>;
L_00a9aac0 .functor AND 1, L_00a97d60, L_00a97998, C4<1>, C4<1>;
L_00a9a958 .functor AND 1, L_00a979f0, L_00a98230, C4<1>, C4<1>;
L_00a9b060 .functor AND 1, L_00a98498, L_00a98860, C4<1>, C4<1>;
v00a92158_0 .net "A", 3 0, v00a813a0_0;  alias, 1 drivers
v00a91bd8_0 .net "A0", 3 0, L_00aa2b18;  1 drivers
v00a91d38_0 .net "A1", 3 0, L_00aa22d8;  1 drivers
v00a920a8_0 .net "A2", 3 0, L_00a987b0;  1 drivers
v00a91810_0 .net "B", 3 0, v00a81b30_0;  alias, 1 drivers
v00a91e98_0 .net "B0", 3 0, L_00aa2490;  1 drivers
v00a91970_0 .net "B1", 3 0, L_00aa2ac0;  1 drivers
v00a91868_0 .net "B2", 3 0, L_00a98700;  1 drivers
v00a91f48_0 .net "CO0", 0 0, L_00a9aa78;  1 drivers
v00a91de8_0 .net "CO1", 0 0, L_00a9b138;  1 drivers
v00a91918_0 .net "CO2", 0 0, L_00a9c0d0;  1 drivers
L_02920050 .functor BUFT 1, C4<0>, C4<0>, C4<0>, C4<0>;
v00a91fa0_0 .net "G", 0 0, L_02920050;  1 drivers
v00a91ff8_0 .net "M", 3 0, L_00a998e0;  alias, 1 drivers
v00a92050_0 .net "S0", 3 0, L_00a97838;  1 drivers
v00a918c0_0 .net "S1", 3 0, L_00a98338;  1 drivers
v00a91e40_0 .net "S2", 3 0, L_00a997d8;  1 drivers
v00a919c8_0 .net *"_s103", 0 0, L_00a98650;  1 drivers
v00a91a20_0 .net *"_s104", 0 0, L_00a9b060;  1 drivers
v00a91a78_0 .net *"_s108", 0 0, L_00a98498;  1 drivers
v00a91ad0_0 .net *"_s11", 0 0, L_00a93d40;  1 drivers
v00a91c88_0 .net *"_s110", 0 0, L_00a98860;  1 drivers
v00a91b28_0 .net *"_s114", 0 0, L_00a984f0;  1 drivers
v00a91b80_0 .net *"_s118", 0 0, L_00a98910;  1 drivers
v00a91c30_0 .net *"_s123", 0 0, L_00a99360;  1 drivers
o00a53494 .functor BUFZ 1, C4<z>; HiZ drive
; Elide local net with no drivers, v00a91ce0_0 name=_s126
o00a534ac .functor BUFZ 1, C4<z>; HiZ drive
; Elide local net with no drivers, v00a90210_0 name=_s129
v00a90688_0 .net *"_s13", 0 0, L_00a93e48;  1 drivers
o00a534dc .functor BUFZ 2, C4<zz>; HiZ drive
; Elide local net with no drivers, v00a906e0_0 name=_s132
o00a534f4 .functor BUFZ 2, C4<zz>; HiZ drive
; Elide local net with no drivers, v00a90420_0 name=_s135
v00a90c08_0 .net *"_s14", 0 0, L_00a33b78;  1 drivers
v00a90630_0 .net *"_s17", 0 0, L_00a94108;  1 drivers
v00a90580_0 .net *"_s19", 0 0, L_00a97050;  1 drivers
v00a907e8_0 .net *"_s2", 0 0, L_00a338a8;  1 drivers
v00a90840_0 .net *"_s20", 0 0, L_00a33a58;  1 drivers
v00a90898_0 .net *"_s23", 0 0, L_00a975d0;  1 drivers
v00a90bb0_0 .net *"_s25", 0 0, L_00a96d38;  1 drivers
v00a90370_0 .net *"_s26", 0 0, L_00a33f20;  1 drivers
v00a90528_0 .net *"_s29", 0 0, L_00a96ff8;  1 drivers
v00a90738_0 .net *"_s31", 0 0, L_00a97158;  1 drivers
v00a902c0_0 .net *"_s32", 0 0, L_00a33bc0;  1 drivers
v00a90cb8_0 .net *"_s35", 0 0, L_00a97578;  1 drivers
v00a904d0_0 .net *"_s37", 0 0, L_00a976d8;  1 drivers
v00a903c8_0 .net *"_s38", 0 0, L_00a33aa0;  1 drivers
v00a90318_0 .net *"_s41", 0 0, L_00a970a8;  1 drivers
v00a90790_0 .net *"_s43", 0 0, L_00a96d90;  1 drivers
v00a905d8_0 .net *"_s47", 0 0, L_00a97100;  1 drivers
v00a90c60_0 .net *"_s5", 0 0, L_00a93c90;  1 drivers
v00a909f8_0 .net *"_s51", 0 0, L_00a97310;  1 drivers
v00a90478_0 .net *"_s55", 0 0, L_00a97730;  1 drivers
v00a908f0_0 .net *"_s59", 0 0, L_00a971b0;  1 drivers
v00a909a0_0 .net *"_s63", 0 0, L_00a97788;  1 drivers
v00a90268_0 .net *"_s67", 0 0, L_00a97368;  1 drivers
v00a90948_0 .net *"_s7", 0 0, L_00a93ce8;  1 drivers
v00a90a50_0 .net *"_s71", 0 0, L_00a97af8;  1 drivers
v00a90aa8_0 .net *"_s72", 0 0, L_00a9aac0;  1 drivers
v00a90b00_0 .net *"_s75", 0 0, L_00a97d60;  1 drivers
v00a90b58_0 .net *"_s77", 0 0, L_00a97998;  1 drivers
v00a92a00_0 .net *"_s78", 0 0, L_00a9a958;  1 drivers
v00a92530_0 .net *"_s8", 0 0, L_00a33ed8;  1 drivers
v00a923d0_0 .net *"_s81", 0 0, L_00a979f0;  1 drivers
v00a92950_0 .net *"_s83", 0 0, L_00a98230;  1 drivers
v00a92378_0 .net *"_s87", 0 0, L_00a982e0;  1 drivers
v00a928a0_0 .net *"_s91", 0 0, L_00a97e68;  1 drivers
v00a927f0_0 .net *"_s95", 0 0, L_00a98078;  1 drivers
v00a92588_0 .net *"_s99", 0 0, L_00a97cb0;  1 drivers
v00a926e8_0 .net "w", 8 0, L_00a98d30;  1 drivers
L_00a93c90 .part v00a813a0_0, 0, 1;
L_00a93ce8 .part v00a81b30_0, 0, 1;
L_00a93d40 .part v00a813a0_0, 1, 1;
L_00a93e48 .part v00a81b30_0, 0, 1;
L_00a94108 .part v00a813a0_0, 2, 1;
L_00a97050 .part v00a81b30_0, 0, 1;
L_00a975d0 .part v00a813a0_0, 3, 1;
L_00a96d38 .part v00a81b30_0, 0, 1;
L_00a96ff8 .part v00a813a0_0, 0, 1;
L_00a97158 .part v00a81b30_0, 1, 1;
L_00a97578 .part v00a813a0_0, 1, 1;
L_00a976d8 .part v00a81b30_0, 1, 1;
L_00a970a8 .part v00a813a0_0, 2, 1;
L_00a96d90 .part v00a81b30_0, 1, 1;
L_00a97100 .part L_00a98d30, 0, 1;
L_00a97310 .part L_00a98d30, 1, 1;
L_00a97730 .part L_00a98d30, 2, 1;
L_00a971b0 .part L_00a98d30, 3, 1;
L_00a97788 .part L_00a98d30, 4, 1;
L_00a97368 .part L_00a98d30, 5, 1;
L_00a97af8 .part L_00a97838, 0, 1;
L_00a97d60 .part v00a813a0_0, 0, 1;
L_00a97998 .part v00a81b30_0, 2, 1;
L_00a979f0 .part v00a813a0_0, 1, 1;
L_00a98230 .part v00a81b30_0, 2, 1;
L_00a982e0 .part L_00a97838, 1, 1;
L_00a97e68 .part L_00a97838, 2, 1;
L_00a98078 .part L_00a98d30, 6, 1;
L_00a97cb0 .part L_00a98d30, 7, 1;
L_00a98650 .part L_00a98338, 0, 1;
LS_00a98d30_0_0 .concat8 [ 1 1 1 1], L_00a33ed8, L_00a33b78, L_00a33a58, L_00a33f20;
LS_00a98d30_0_4 .concat8 [ 1 1 1 1], L_00a33bc0, L_00a33aa0, L_00a9aac0, L_00a9a958;
LS_00a98d30_0_8 .concat8 [ 1 0 0 0], L_00a9b060;
L_00a98d30 .concat8 [ 4 4 1 0], LS_00a98d30_0_0, LS_00a98d30_0_4, LS_00a98d30_0_8;
L_00a98498 .part v00a813a0_0, 0, 1;
L_00a98860 .part v00a81b30_0, 3, 1;
L_00a987b0 .part/pv L_00a984f0, 0, 1, 4;
L_00a984f0 .part L_00a98d30, 8, 1;
L_00a98700 .part/pv L_00a98910, 0, 1, 4;
L_00a98910 .part L_00a98338, 1, 1;
L_00a998e0 .concat8 [ 1 1 1 1], L_00a338a8, L_00a97af8, L_00a98650, L_00a99360;
L_00a99360 .part L_00a997d8, 0, 1;
L_00aa2b18 .concat [ 1 1 1 1], L_00a97100, L_00a97310, L_00a97730, o00a53494;
L_00aa2490 .concat [ 1 1 1 1], L_00a971b0, L_00a97788, L_00a97368, o00a534ac;
L_00aa22d8 .concat [ 1 1 2 0], L_00a982e0, L_00a97e68, o00a534dc;
L_00aa2ac0 .concat [ 1 1 2 0], L_00a98078, L_00a97cb0, o00a534f4;
S_00a82b98 .scope module, "adder0" "adder" 2 227, 2 267 0, S_00a82788;
 .timescale 0 0;
    .port_info 0 /OUTPUT 1 "CO"
    .port_info 1 /OUTPUT 4 "S"
    .port_info 2 /INPUT 4 "A"
    .port_info 3 /INPUT 4 "B"
    .port_info 4 /INPUT 1 "CI"
v00a8afd8_0 .net "A", 3 0, L_00aa2b18;  alias, 1 drivers
v00a8adc8_0 .net "B", 3 0, L_00aa2490;  alias, 1 drivers
v00a8ad18_0 .net "CI", 0 0, L_02920050;  alias, 1 drivers
v00a8acc0_0 .net "CO", 0 0, L_00a9aa78;  alias, 1 drivers
v00a8b348_0 .net "S", 3 0, L_00a97838;  alias, 1 drivers
v00a8b030_0 .net "w", 2 0, L_00a98180;  1 drivers
L_00a96ef0 .part L_00aa2b18, 0, 1;
L_00a972b8 .part L_00aa2490, 0, 1;
L_00a97470 .part L_00aa2b18, 1, 1;
L_00a96e98 .part L_00aa2490, 1, 1;
L_00a96f48 .part L_00a98180, 0, 1;
L_00a98180 .concat8 [ 1 1 1 0], L_00a33818, L_00a9a568, L_00a9aa30;
L_00a97ec0 .part L_00aa2b18, 2, 1;
L_00a98288 .part L_00aa2490, 2, 1;
L_00a97b50 .part L_00a98180, 1, 1;
L_00a97838 .concat8 [ 1 1 1 1], L_00a33ff8, L_00a9ab50, L_00a9a5b0, L_00a9a3b8;
L_00a97890 .part L_00aa2b18, 3, 1;
L_00a98128 .part L_00aa2490, 3, 1;
L_00a97a48 .part L_00a98180, 2, 1;
S_00a82858 .scope module, "fa0" "full_adder" 2 279, 2 366 0, S_00a82b98;
 .timescale 0 0;
    .port_info 0 /OUTPUT 1 "CO"
    .port_info 1 /OUTPUT 1 "S"
    .port_info 2 /INPUT 1 "A"
    .port_info 3 /INPUT 1 "B"
    .port_info 4 /INPUT 1 "CI"
L_00a33818 .functor OR 1, L_00a973c0, L_00a974c8, C4<0>, C4<0>;
v00a8ba28_0 .net "A", 0 0, L_00a96ef0;  1 drivers
v00a8b6b8_0 .net "B", 0 0, L_00a972b8;  1 drivers
v00a8ba80_0 .net "CI", 0 0, L_02920050;  alias, 1 drivers
v00a8b450_0 .net "CO", 0 0, L_00a33818;  1 drivers
v00a8b870_0 .net "S", 0 0, L_00a33ff8;  1 drivers
v00a8bbe0_0 .net *"_s11", 0 0, L_00a973c0;  1 drivers
v00a8b4a8_0 .net *"_s13", 0 0, L_00a974c8;  1 drivers
v00a8b660_0 .net "w", 2 0, L_00a97208;  1 drivers
L_00a97208 .concat8 [ 1 1 1 0], L_00a33c08, L_00a33fb0, L_00a337d0;
L_00a97260 .part L_00a97208, 1, 1;
L_00a973c0 .part L_00a97208, 0, 1;
L_00a974c8 .part L_00a97208, 2, 1;
S_00a81e98 .scope module, "ha0" "half_adder" 2 374, 2 353 0, S_00a82858;
 .timescale 0 0;
    .port_info 0 /OUTPUT 1 "C"
    .port_info 1 /OUTPUT 1 "S"
    .port_info 2 /INPUT 1 "A"
    .port_info 3 /INPUT 1 "B"
L_00a33fb0 .functor XOR 1, L_00a96ef0, L_00a972b8, C4<0>, C4<0>;
L_00a33c08 .functor AND 1, L_00a96ef0, L_00a972b8, C4<1>, C4<1>;
v00a8bb30_0 .net "A", 0 0, L_00a96ef0;  alias, 1 drivers
v00a8b3f8_0 .net "B", 0 0, L_00a972b8;  alias, 1 drivers
v00a8bc38_0 .net "C", 0 0, L_00a33c08;  1 drivers
v00a8b608_0 .net "S", 0 0, L_00a33fb0;  1 drivers
S_00a81f68 .scope module, "ha1" "half_adder" 2 375, 2 353 0, S_00a82858;
 .timescale 0 0;
    .port_info 0 /OUTPUT 1 "C"
    .port_info 1 /OUTPUT 1 "S"
    .port_info 2 /INPUT 1 "A"
    .port_info 3 /INPUT 1 "B"
L_00a33ff8 .functor XOR 1, L_00a97260, L_02920050, C4<0>, C4<0>;
L_00a337d0 .functor AND 1, L_00a97260, L_02920050, C4<1>, C4<1>;
v00a8b7c0_0 .net "A", 0 0, L_00a97260;  1 drivers
v00a8bb88_0 .net "B", 0 0, L_02920050;  alias, 1 drivers
v00a8bd40_0 .net "C", 0 0, L_00a337d0;  1 drivers
v00a8b5b0_0 .net "S", 0 0, L_00a33ff8;  alias, 1 drivers
S_00a82448 .scope module, "fa1" "full_adder" 2 280, 2 366 0, S_00a82b98;
 .timescale 0 0;
    .port_info 0 /OUTPUT 1 "CO"
    .port_info 1 /OUTPUT 1 "S"
    .port_info 2 /INPUT 1 "A"
    .port_info 3 /INPUT 1 "B"
    .port_info 4 /INPUT 1 "CI"
L_00a9a568 .functor OR 1, L_00a977e0, L_00a97418, C4<0>, C4<0>;
v00a8a588_0 .net "A", 0 0, L_00a97470;  1 drivers
v00a8a7f0_0 .net "B", 0 0, L_00a96e98;  1 drivers
v00a8a270_0 .net "CI", 0 0, L_00a96f48;  1 drivers
v00a8a428_0 .net "CO", 0 0, L_00a9a568;  1 drivers
v00a8a530_0 .net "S", 0 0, L_00a9ab50;  1 drivers
v00a8a320_0 .net *"_s11", 0 0, L_00a977e0;  1 drivers
v00a8a4d8_0 .net *"_s13", 0 0, L_00a97418;  1 drivers
v00a8a218_0 .net "w", 2 0, L_00a96de8;  1 drivers
L_00a96de8 .concat8 [ 1 1 1 0], L_00a9a520, L_00a33860, L_00a9a8c8;
L_00a96e40 .part L_00a96de8, 1, 1;
L_00a977e0 .part L_00a96de8, 0, 1;
L_00a97418 .part L_00a96de8, 2, 1;
S_00a82038 .scope module, "ha0" "half_adder" 2 374, 2 353 0, S_00a82448;
 .timescale 0 0;
    .port_info 0 /OUTPUT 1 "C"
    .port_info 1 /OUTPUT 1 "S"
    .port_info 2 /INPUT 1 "A"
    .port_info 3 /INPUT 1 "B"
L_00a33860 .functor XOR 1, L_00a97470, L_00a96e98, C4<0>, C4<0>;
L_00a9a520 .functor AND 1, L_00a97470, L_00a96e98, C4<1>, C4<1>;
v00a8b710_0 .net "A", 0 0, L_00a97470;  alias, 1 drivers
v00a8b768_0 .net "B", 0 0, L_00a96e98;  alias, 1 drivers
v00a8b500_0 .net "C", 0 0, L_00a9a520;  1 drivers
v00a8a1c0_0 .net "S", 0 0, L_00a33860;  1 drivers
S_00a822a8 .scope module, "ha1" "half_adder" 2 375, 2 353 0, S_00a82448;
 .timescale 0 0;
    .port_info 0 /OUTPUT 1 "C"
    .port_info 1 /OUTPUT 1 "S"
    .port_info 2 /INPUT 1 "A"
    .port_info 3 /INPUT 1 "B"
L_00a9ab50 .functor XOR 1, L_00a96e40, L_00a96f48, C4<0>, C4<0>;
L_00a9a8c8 .functor AND 1, L_00a96e40, L_00a96f48, C4<1>, C4<1>;
v00a8a060_0 .net "A", 0 0, L_00a96e40;  1 drivers
v00a8a2c8_0 .net "B", 0 0, L_00a96f48;  alias, 1 drivers
v00a89fb0_0 .net "C", 0 0, L_00a9a8c8;  1 drivers
v00a89ea8_0 .net "S", 0 0, L_00a9ab50;  alias, 1 drivers
S_00a82378 .scope module, "fa2" "full_adder" 2 281, 2 366 0, S_00a82b98;
 .timescale 0 0;
    .port_info 0 /OUTPUT 1 "CO"
    .port_info 1 /OUTPUT 1 "S"
    .port_info 2 /INPUT 1 "A"
    .port_info 3 /INPUT 1 "B"
    .port_info 4 /INPUT 1 "CI"
L_00a9aa30 .functor OR 1, L_00a97628, L_00a97680, C4<0>, C4<0>;
v00a8a6e8_0 .net "A", 0 0, L_00a97ec0;  1 drivers
v00a8a740_0 .net "B", 0 0, L_00a98288;  1 drivers
v00a8a008_0 .net "CI", 0 0, L_00a97b50;  1 drivers
v00a8a798_0 .net "CO", 0 0, L_00a9aa30;  1 drivers
v00a8a848_0 .net "S", 0 0, L_00a9a5b0;  1 drivers
v00a8a0b8_0 .net *"_s11", 0 0, L_00a97628;  1 drivers
v00a8a8a0_0 .net *"_s13", 0 0, L_00a97680;  1 drivers
v00a89df8_0 .net "w", 2 0, L_00a96fa0;  1 drivers
L_00a96fa0 .concat8 [ 1 1 1 0], L_00a9a688, L_00a9a880, L_00a9ab08;
L_00a97520 .part L_00a96fa0, 1, 1;
L_00a97628 .part L_00a96fa0, 0, 1;
L_00a97680 .part L_00a96fa0, 2, 1;
S_00a826b8 .scope module, "ha0" "half_adder" 2 374, 2 353 0, S_00a82378;
 .timescale 0 0;
    .port_info 0 /OUTPUT 1 "C"
    .port_info 1 /OUTPUT 1 "S"
    .port_info 2 /INPUT 1 "A"
    .port_info 3 /INPUT 1 "B"
L_00a9a880 .functor XOR 1, L_00a97ec0, L_00a98288, C4<0>, C4<0>;
L_00a9a688 .functor AND 1, L_00a97ec0, L_00a98288, C4<1>, C4<1>;
v00a8a3d0_0 .net "A", 0 0, L_00a97ec0;  alias, 1 drivers
v00a8a5e0_0 .net "B", 0 0, L_00a98288;  alias, 1 drivers
v00a8a110_0 .net "C", 0 0, L_00a9a688;  1 drivers
v00a8a378_0 .net "S", 0 0, L_00a9a880;  1 drivers
S_00a825e8 .scope module, "ha1" "half_adder" 2 375, 2 353 0, S_00a82378;
 .timescale 0 0;
    .port_info 0 /OUTPUT 1 "C"
    .port_info 1 /OUTPUT 1 "S"
    .port_info 2 /INPUT 1 "A"
    .port_info 3 /INPUT 1 "B"
L_00a9a5b0 .functor XOR 1, L_00a97520, L_00a97b50, C4<0>, C4<0>;
L_00a9ab08 .functor AND 1, L_00a97520, L_00a97b50, C4<1>, C4<1>;
v00a8a638_0 .net "A", 0 0, L_00a97520;  1 drivers
v00a8a690_0 .net "B", 0 0, L_00a97b50;  alias, 1 drivers
v00a8a480_0 .net "C", 0 0, L_00a9ab08;  1 drivers
v00a8a168_0 .net "S", 0 0, L_00a9a5b0;  alias, 1 drivers
S_00a82928 .scope module, "fa3" "full_adder" 2 282, 2 366 0, S_00a82b98;
 .timescale 0 0;
    .port_info 0 /OUTPUT 1 "CO"
    .port_info 1 /OUTPUT 1 "S"
    .port_info 2 /INPUT 1 "A"
    .port_info 3 /INPUT 1 "B"
    .port_info 4 /INPUT 1 "CI"
L_00a9aa78 .functor OR 1, L_00a97fc8, L_00a981d8, C4<0>, C4<0>;
v00a8ae20_0 .net "A", 0 0, L_00a97890;  1 drivers
v00a8b0e0_0 .net "B", 0 0, L_00a98128;  1 drivers
v00a8b298_0 .net "CI", 0 0, L_00a97a48;  1 drivers
v00a8ae78_0 .net "CO", 0 0, L_00a9aa78;  alias, 1 drivers
v00a8ac68_0 .net "S", 0 0, L_00a9a3b8;  1 drivers
v00a8a950_0 .net *"_s11", 0 0, L_00a97fc8;  1 drivers
v00a8b138_0 .net *"_s13", 0 0, L_00a981d8;  1 drivers
v00a8b2f0_0 .net "w", 2 0, L_00a978e8;  1 drivers
L_00a978e8 .concat8 [ 1 1 1 0], L_00a9a7f0, L_00a9a910, L_00a9a7a8;
L_00a97940 .part L_00a978e8, 1, 1;
L_00a97fc8 .part L_00a978e8, 0, 1;
L_00a981d8 .part L_00a978e8, 2, 1;
S_00a82c68 .scope module, "ha0" "half_adder" 2 374, 2 353 0, S_00a82928;
 .timescale 0 0;
    .port_info 0 /OUTPUT 1 "C"
    .port_info 1 /OUTPUT 1 "S"
    .port_info 2 /INPUT 1 "A"
    .port_info 3 /INPUT 1 "B"
L_00a9a910 .functor XOR 1, L_00a97890, L_00a98128, C4<0>, C4<0>;
L_00a9a7f0 .functor AND 1, L_00a97890, L_00a98128, C4<1>, C4<1>;
v00a89e50_0 .net "A", 0 0, L_00a97890;  alias, 1 drivers
v00a89f00_0 .net "B", 0 0, L_00a98128;  alias, 1 drivers
v00a89f58_0 .net "C", 0 0, L_00a9a7f0;  1 drivers
v00a8ad70_0 .net "S", 0 0, L_00a9a910;  1 drivers
S_00a81dc8 .scope module, "ha1" "half_adder" 2 375, 2 353 0, S_00a82928;
 .timescale 0 0;
    .port_info 0 /OUTPUT 1 "C"
    .port_info 1 /OUTPUT 1 "S"
    .port_info 2 /INPUT 1 "A"
    .port_info 3 /INPUT 1 "B"
L_00a9a3b8 .functor XOR 1, L_00a97940, L_00a97a48, C4<0>, C4<0>;
L_00a9a7a8 .functor AND 1, L_00a97940, L_00a97a48, C4<1>, C4<1>;
v00a8af28_0 .net "A", 0 0, L_00a97940;  1 drivers
v00a8a9a8_0 .net "B", 0 0, L_00a97a48;  alias, 1 drivers
v00a8af80_0 .net "C", 0 0, L_00a9a7a8;  1 drivers
v00a8b088_0 .net "S", 0 0, L_00a9a3b8;  alias, 1 drivers
S_00a8d730 .scope module, "adder1" "adder" 2 245, 2 267 0, S_00a82788;
 .timescale 0 0;
    .port_info 0 /OUTPUT 1 "CO"
    .port_info 1 /OUTPUT 4 "S"
    .port_info 2 /INPUT 4 "A"
    .port_info 3 /INPUT 4 "B"
    .port_info 4 /INPUT 1 "CI"
v00a8f510_0 .net "A", 3 0, L_00aa22d8;  alias, 1 drivers
v00a8f828_0 .net "B", 3 0, L_00aa2ac0;  alias, 1 drivers
v00a8f408_0 .net "CI", 0 0, L_02920050;  alias, 1 drivers
v00a8fa38_0 .net "CO", 0 0, L_00a9b138;  alias, 1 drivers
v00a8f4b8_0 .net "S", 3 0, L_00a98338;  alias, 1 drivers
v00a8fb98_0 .net "w", 2 0, L_00a98b78;  1 drivers
L_00a97d08 .part L_00aa22d8, 0, 1;
L_00a97e10 .part L_00aa2ac0, 0, 1;
L_00a980d0 .part L_00aa22d8, 1, 1;
L_00a98d88 .part L_00aa2ac0, 1, 1;
L_00a985f8 .part L_00a98b78, 0, 1;
L_00a98b78 .concat8 [ 1 1 1 0], L_00a9a9e8, L_00a9a2e0, L_00a9a490;
L_00a98c28 .part L_00aa22d8, 2, 1;
L_00a985a0 .part L_00aa2ac0, 2, 1;
L_00a98758 .part L_00a98b78, 1, 1;
L_00a98338 .concat8 [ 1 1 1 1], L_00a9a640, L_00a9a298, L_00a9a370, L_00a9ac70;
L_00a98390 .part L_00aa22d8, 3, 1;
L_00a98cd8 .part L_00aa2ac0, 3, 1;
L_00a98548 .part L_00a98b78, 2, 1;
S_00a8c620 .scope module, "fa0" "full_adder" 2 279, 2 366 0, S_00a8d730;
 .timescale 0 0;
    .port_info 0 /OUTPUT 1 "CO"
    .port_info 1 /OUTPUT 1 "S"
    .port_info 2 /INPUT 1 "A"
    .port_info 3 /INPUT 1 "B"
    .port_info 4 /INPUT 1 "CI"
L_00a9a9e8 .functor OR 1, L_00a97aa0, L_00a97c58, C4<0>, C4<0>;
v00a8ab60_0 .net "A", 0 0, L_00a97d08;  1 drivers
v00a8aed0_0 .net "B", 0 0, L_00a97e10;  1 drivers
v00a8b1e8_0 .net "CI", 0 0, L_02920050;  alias, 1 drivers
v00a8b240_0 .net "CO", 0 0, L_00a9a9e8;  1 drivers
v00a8ac10_0 .net "S", 0 0, L_00a9a640;  1 drivers
v00a8f040_0 .net *"_s11", 0 0, L_00a97aa0;  1 drivers
v00a8f148_0 .net *"_s13", 0 0, L_00a97c58;  1 drivers
v00a8eee0_0 .net "w", 2 0, L_00a97c00;  1 drivers
L_00a97c00 .concat8 [ 1 1 1 0], L_00a9a5f8, L_00a9a760, L_00a9a9a0;
L_00a97ba8 .part L_00a97c00, 1, 1;
L_00a97aa0 .part L_00a97c00, 0, 1;
L_00a97c58 .part L_00a97c00, 2, 1;
S_00a8d4c0 .scope module, "ha0" "half_adder" 2 374, 2 353 0, S_00a8c620;
 .timescale 0 0;
    .port_info 0 /OUTPUT 1 "C"
    .port_info 1 /OUTPUT 1 "S"
    .port_info 2 /INPUT 1 "A"
    .port_info 3 /INPUT 1 "B"
L_00a9a760 .functor XOR 1, L_00a97d08, L_00a97e10, C4<0>, C4<0>;
L_00a9a5f8 .functor AND 1, L_00a97d08, L_00a97e10, C4<1>, C4<1>;
v00a8aa00_0 .net "A", 0 0, L_00a97d08;  alias, 1 drivers
v00a8b3a0_0 .net "B", 0 0, L_00a97e10;  alias, 1 drivers
v00a8abb8_0 .net "C", 0 0, L_00a9a5f8;  1 drivers
v00a8aa58_0 .net "S", 0 0, L_00a9a760;  1 drivers
S_00a8c210 .scope module, "ha1" "half_adder" 2 375, 2 353 0, S_00a8c620;
 .timescale 0 0;
    .port_info 0 /OUTPUT 1 "C"
    .port_info 1 /OUTPUT 1 "S"
    .port_info 2 /INPUT 1 "A"
    .port_info 3 /INPUT 1 "B"
L_00a9a640 .functor XOR 1, L_00a97ba8, L_02920050, C4<0>, C4<0>;
L_00a9a9a0 .functor AND 1, L_00a97ba8, L_02920050, C4<1>, C4<1>;
v00a8a8f8_0 .net "A", 0 0, L_00a97ba8;  1 drivers
v00a8b190_0 .net "B", 0 0, L_02920050;  alias, 1 drivers
v00a8aab0_0 .net "C", 0 0, L_00a9a9a0;  1 drivers
v00a8ab08_0 .net "S", 0 0, L_00a9a640;  alias, 1 drivers
S_00a8c2e0 .scope module, "fa1" "full_adder" 2 280, 2 366 0, S_00a8d730;
 .timescale 0 0;
    .port_info 0 /OUTPUT 1 "CO"
    .port_info 1 /OUTPUT 1 "S"
    .port_info 2 /INPUT 1 "A"
    .port_info 3 /INPUT 1 "B"
    .port_info 4 /INPUT 1 "CI"
L_00a9a2e0 .functor OR 1, L_00a97f70, L_00a98020, C4<0>, C4<0>;
v00a8ed28_0 .net "A", 0 0, L_00a980d0;  1 drivers
v00a8f250_0 .net "B", 0 0, L_00a98d88;  1 drivers
v00a8f2a8_0 .net "CI", 0 0, L_00a985f8;  1 drivers
v00a8eac0_0 .net "CO", 0 0, L_00a9a2e0;  1 drivers
v00a8ef90_0 .net "S", 0 0, L_00a9a298;  1 drivers
v00a8ed80_0 .net *"_s11", 0 0, L_00a97f70;  1 drivers
v00a8f300_0 .net *"_s13", 0 0, L_00a98020;  1 drivers
v00a8ec20_0 .net "w", 2 0, L_00a97db8;  1 drivers
L_00a97db8 .concat8 [ 1 1 1 0], L_00a9a718, L_00a9a6d0, L_00a9a838;
L_00a97f18 .part L_00a97db8, 1, 1;
L_00a97f70 .part L_00a97db8, 0, 1;
L_00a98020 .part L_00a97db8, 2, 1;
S_00a8cd70 .scope module, "ha0" "half_adder" 2 374, 2 353 0, S_00a8c2e0;
 .timescale 0 0;
    .port_info 0 /OUTPUT 1 "C"
    .port_info 1 /OUTPUT 1 "S"
    .port_info 2 /INPUT 1 "A"
    .port_info 3 /INPUT 1 "B"
L_00a9a6d0 .functor XOR 1, L_00a980d0, L_00a98d88, C4<0>, C4<0>;
L_00a9a718 .functor AND 1, L_00a980d0, L_00a98d88, C4<1>, C4<1>;
v00a8f098_0 .net "A", 0 0, L_00a980d0;  alias, 1 drivers
v00a8f1a0_0 .net "B", 0 0, L_00a98d88;  alias, 1 drivers
v00a8ecd0_0 .net "C", 0 0, L_00a9a718;  1 drivers
v00a8f0f0_0 .net "S", 0 0, L_00a9a6d0;  1 drivers
S_00a8c7c0 .scope module, "ha1" "half_adder" 2 375, 2 353 0, S_00a8c2e0;
 .timescale 0 0;
    .port_info 0 /OUTPUT 1 "C"
    .port_info 1 /OUTPUT 1 "S"
    .port_info 2 /INPUT 1 "A"
    .port_info 3 /INPUT 1 "B"
L_00a9a298 .functor XOR 1, L_00a97f18, L_00a985f8, C4<0>, C4<0>;
L_00a9a838 .functor AND 1, L_00a97f18, L_00a985f8, C4<1>, C4<1>;
v00a8e9b8_0 .net "A", 0 0, L_00a97f18;  1 drivers
v00a8ea10_0 .net "B", 0 0, L_00a985f8;  alias, 1 drivers
v00a8f1f8_0 .net "C", 0 0, L_00a9a838;  1 drivers
v00a8ea68_0 .net "S", 0 0, L_00a9a298;  alias, 1 drivers
S_00a8c890 .scope module, "fa2" "full_adder" 2 281, 2 366 0, S_00a8d730;
 .timescale 0 0;
    .port_info 0 /OUTPUT 1 "CO"
    .port_info 1 /OUTPUT 1 "S"
    .port_info 2 /INPUT 1 "A"
    .port_info 3 /INPUT 1 "B"
    .port_info 4 /INPUT 1 "CI"
L_00a9a490 .functor OR 1, L_00a98c80, L_00a98968, C4<0>, C4<0>;
v00a8ec78_0 .net "A", 0 0, L_00a98c28;  1 drivers
v00a8edd8_0 .net "B", 0 0, L_00a985a0;  1 drivers
v00a8ee30_0 .net "CI", 0 0, L_00a98758;  1 drivers
v00a8ee88_0 .net "CO", 0 0, L_00a9a490;  1 drivers
v00a8efe8_0 .net "S", 0 0, L_00a9a370;  1 drivers
v00a8fc48_0 .net *"_s11", 0 0, L_00a98c80;  1 drivers
v00a8f568_0 .net *"_s13", 0 0, L_00a98968;  1 drivers
v00a8f880_0 .net "w", 2 0, L_00a98de0;  1 drivers
L_00a98de0 .concat8 [ 1 1 1 0], L_00a9a328, L_00a9a400, L_00a9a448;
L_00a98b20 .part L_00a98de0, 1, 1;
L_00a98c80 .part L_00a98de0, 0, 1;
L_00a98968 .part L_00a98de0, 2, 1;
S_00a8c960 .scope module, "ha0" "half_adder" 2 374, 2 353 0, S_00a8c890;
 .timescale 0 0;
    .port_info 0 /OUTPUT 1 "C"
    .port_info 1 /OUTPUT 1 "S"
    .port_info 2 /INPUT 1 "A"
    .port_info 3 /INPUT 1 "B"
L_00a9a400 .functor XOR 1, L_00a98c28, L_00a985a0, C4<0>, C4<0>;
L_00a9a328 .functor AND 1, L_00a98c28, L_00a985a0, C4<1>, C4<1>;
v00a8f358_0 .net "A", 0 0, L_00a98c28;  alias, 1 drivers
v00a8ef38_0 .net "B", 0 0, L_00a985a0;  alias, 1 drivers
v00a8eb18_0 .net "C", 0 0, L_00a9a328;  1 drivers
v00a8f3b0_0 .net "S", 0 0, L_00a9a400;  1 drivers
S_00a8cca0 .scope module, "ha1" "half_adder" 2 375, 2 353 0, S_00a8c890;
 .timescale 0 0;
    .port_info 0 /OUTPUT 1 "C"
    .port_info 1 /OUTPUT 1 "S"
    .port_info 2 /INPUT 1 "A"
    .port_info 3 /INPUT 1 "B"
L_00a9a370 .functor XOR 1, L_00a98b20, L_00a98758, C4<0>, C4<0>;
L_00a9a448 .functor AND 1, L_00a98b20, L_00a98758, C4<1>, C4<1>;
v00a8e908_0 .net "A", 0 0, L_00a98b20;  1 drivers
v00a8e960_0 .net "B", 0 0, L_00a98758;  alias, 1 drivers
v00a8eb70_0 .net "C", 0 0, L_00a9a448;  1 drivers
v00a8ebc8_0 .net "S", 0 0, L_00a9a370;  alias, 1 drivers
S_00a8cbd0 .scope module, "fa3" "full_adder" 2 282, 2 366 0, S_00a8d730;
 .timescale 0 0;
    .port_info 0 /OUTPUT 1 "CO"
    .port_info 1 /OUTPUT 1 "S"
    .port_info 2 /INPUT 1 "A"
    .port_info 3 /INPUT 1 "B"
    .port_info 4 /INPUT 1 "CI"
L_00a9b138 .functor OR 1, L_00a986a8, L_00a98808, C4<0>, C4<0>;
v00a8f460_0 .net "A", 0 0, L_00a98390;  1 drivers
v00a8fae8_0 .net "B", 0 0, L_00a98cd8;  1 drivers
v00a8f720_0 .net "CI", 0 0, L_00a98548;  1 drivers
v00a8f778_0 .net "CO", 0 0, L_00a9b138;  alias, 1 drivers
v00a8f8d8_0 .net "S", 0 0, L_00a9ac70;  1 drivers
v00a8fb40_0 .net *"_s11", 0 0, L_00a986a8;  1 drivers
v00a8f930_0 .net *"_s13", 0 0, L_00a98808;  1 drivers
v00a8f7d0_0 .net "w", 2 0, L_00a983e8;  1 drivers
L_00a983e8 .concat8 [ 1 1 1 0], L_00a9af88, L_00a9a4d8, L_00a9af40;
L_00a98440 .part L_00a983e8, 1, 1;
L_00a986a8 .part L_00a983e8, 0, 1;
L_00a98808 .part L_00a983e8, 2, 1;
S_00a8d590 .scope module, "ha0" "half_adder" 2 374, 2 353 0, S_00a8cbd0;
 .timescale 0 0;
    .port_info 0 /OUTPUT 1 "C"
    .port_info 1 /OUTPUT 1 "S"
    .port_info 2 /INPUT 1 "A"
    .port_info 3 /INPUT 1 "B"
L_00a9a4d8 .functor XOR 1, L_00a98390, L_00a98cd8, C4<0>, C4<0>;
L_00a9af88 .functor AND 1, L_00a98390, L_00a98cd8, C4<1>, C4<1>;
v00a8f988_0 .net "A", 0 0, L_00a98390;  alias, 1 drivers
v00a8f9e0_0 .net "B", 0 0, L_00a98cd8;  alias, 1 drivers
v00a8f5c0_0 .net "C", 0 0, L_00a9af88;  1 drivers
v00a8f618_0 .net "S", 0 0, L_00a9a4d8;  1 drivers
S_00a8ca30 .scope module, "ha1" "half_adder" 2 375, 2 353 0, S_00a8cbd0;
 .timescale 0 0;
    .port_info 0 /OUTPUT 1 "C"
    .port_info 1 /OUTPUT 1 "S"
    .port_info 2 /INPUT 1 "A"
    .port_info 3 /INPUT 1 "B"
L_00a9ac70 .functor XOR 1, L_00a98440, L_00a98548, C4<0>, C4<0>;
L_00a9af40 .functor AND 1, L_00a98440, L_00a98548, C4<1>, C4<1>;
v00a8f6c8_0 .net "A", 0 0, L_00a98440;  1 drivers
v00a8fca0_0 .net "B", 0 0, L_00a98548;  alias, 1 drivers
v00a8fa90_0 .net "C", 0 0, L_00a9af40;  1 drivers
v00a8f670_0 .net "S", 0 0, L_00a9ac70;  alias, 1 drivers
S_00a8c3b0 .scope module, "adder2" "adder" 2 259, 2 267 0, S_00a82788;
 .timescale 0 0;
    .port_info 0 /OUTPUT 1 "CO"
    .port_info 1 /OUTPUT 4 "S"
    .port_info 2 /INPUT 4 "A"
    .port_info 3 /INPUT 4 "B"
    .port_info 4 /INPUT 1 "CI"
v00a91130_0 .net "A", 3 0, L_00a987b0;  alias, 1 drivers
v00a91188_0 .net "B", 3 0, L_00a98700;  alias, 1 drivers
v00a911e0_0 .net "CI", 0 0, L_02920050;  alias, 1 drivers
v00a91d90_0 .net "CO", 0 0, L_00a9c0d0;  alias, 1 drivers
v00a92100_0 .net "S", 3 0, L_00a997d8;  alias, 1 drivers
v00a91ef0_0 .net "w", 2 0, L_00a98ff0;  1 drivers
L_00a98a70 .part L_00a987b0, 0, 1;
L_00a98ac8 .part L_00a98700, 0, 1;
L_00a99200 .part L_00a987b0, 1, 1;
L_00a99570 .part L_00a98700, 1, 1;
L_00a994c0 .part L_00a98ff0, 0, 1;
L_00a98ff0 .concat8 [ 1 1 1 0], L_00a9abe0, L_00a9b0f0, L_00a9acb8;
L_00a98f98 .part L_00a987b0, 2, 1;
L_00a99888 .part L_00a98700, 2, 1;
L_00a992b0 .part L_00a98ff0, 1, 1;
L_00a997d8 .concat8 [ 1 1 1 1], L_00a9add8, L_00a9aef8, L_00a9ae68, L_00a9ad90;
L_00a99620 .part L_00a987b0, 3, 1;
L_00a99308 .part L_00a98700, 3, 1;
L_00a99830 .part L_00a98ff0, 2, 1;
S_00a8ce40 .scope module, "fa0" "full_adder" 2 279, 2 366 0, S_00a8c3b0;
 .timescale 0 0;
    .port_info 0 /OUTPUT 1 "CO"
    .port_info 1 /OUTPUT 1 "S"
    .port_info 2 /INPUT 1 "A"
    .port_info 3 /INPUT 1 "B"
    .port_info 4 /INPUT 1 "CI"
L_00a9abe0 .functor OR 1, L_00a989c0, L_00a98a18, C4<0>, C4<0>;
v00a8e1d0_0 .net "A", 0 0, L_00a98a70;  1 drivers
v00a8e750_0 .net "B", 0 0, L_00a98ac8;  1 drivers
v00a8e7a8_0 .net "CI", 0 0, L_02920050;  alias, 1 drivers
v00a8e4e8_0 .net "CO", 0 0, L_00a9abe0;  1 drivers
v00a8e070_0 .net "S", 0 0, L_00a9add8;  1 drivers
v00a8e8b0_0 .net *"_s11", 0 0, L_00a989c0;  1 drivers
v00a8e5f0_0 .net *"_s13", 0 0, L_00a98a18;  1 drivers
v00a8df68_0 .net "w", 2 0, L_00a988b8;  1 drivers
L_00a988b8 .concat8 [ 1 1 1 0], L_00a9afd0, L_00a9b180, L_00a9b018;
L_00a98bd0 .part L_00a988b8, 1, 1;
L_00a989c0 .part L_00a988b8, 0, 1;
L_00a98a18 .part L_00a988b8, 2, 1;
S_00a8cf10 .scope module, "ha0" "half_adder" 2 374, 2 353 0, S_00a8ce40;
 .timescale 0 0;
    .port_info 0 /OUTPUT 1 "C"
    .port_info 1 /OUTPUT 1 "S"
    .port_info 2 /INPUT 1 "A"
    .port_info 3 /INPUT 1 "B"
L_00a9b180 .functor XOR 1, L_00a98a70, L_00a98ac8, C4<0>, C4<0>;
L_00a9afd0 .functor AND 1, L_00a98a70, L_00a98ac8, C4<1>, C4<1>;
v00a8fbf0_0 .net "A", 0 0, L_00a98a70;  alias, 1 drivers
v00a8fcf8_0 .net "B", 0 0, L_00a98ac8;  alias, 1 drivers
v00a8fd50_0 .net "C", 0 0, L_00a9afd0;  1 drivers
v00a8e178_0 .net "S", 0 0, L_00a9b180;  1 drivers
S_00a8d180 .scope module, "ha1" "half_adder" 2 375, 2 353 0, S_00a8ce40;
 .timescale 0 0;
    .port_info 0 /OUTPUT 1 "C"
    .port_info 1 /OUTPUT 1 "S"
    .port_info 2 /INPUT 1 "A"
    .port_info 3 /INPUT 1 "B"
L_00a9add8 .functor XOR 1, L_00a98bd0, L_02920050, C4<0>, C4<0>;
L_00a9b018 .functor AND 1, L_00a98bd0, L_02920050, C4<1>, C4<1>;
v00a8e6f8_0 .net "A", 0 0, L_00a98bd0;  1 drivers
v00a8e858_0 .net "B", 0 0, L_02920050;  alias, 1 drivers
v00a8e648_0 .net "C", 0 0, L_00a9b018;  1 drivers
v00a8df10_0 .net "S", 0 0, L_00a9add8;  alias, 1 drivers
S_00a8cfe0 .scope module, "fa1" "full_adder" 2 280, 2 366 0, S_00a8c3b0;
 .timescale 0 0;
    .port_info 0 /OUTPUT 1 "CO"
    .port_info 1 /OUTPUT 1 "S"
    .port_info 2 /INPUT 1 "A"
    .port_info 3 /INPUT 1 "B"
    .port_info 4 /INPUT 1 "CI"
L_00a9b0f0 .functor OR 1, L_00a98e90, L_00a99150, C4<0>, C4<0>;
v00a8e280_0 .net "A", 0 0, L_00a99200;  1 drivers
v00a8e2d8_0 .net "B", 0 0, L_00a99570;  1 drivers
v00a8e330_0 .net "CI", 0 0, L_00a994c0;  1 drivers
v00a8e388_0 .net "CO", 0 0, L_00a9b0f0;  1 drivers
v00a8e018_0 .net "S", 0 0, L_00a9aef8;  1 drivers
v00a8e800_0 .net *"_s11", 0 0, L_00a98e90;  1 drivers
v00a8e438_0 .net *"_s13", 0 0, L_00a99150;  1 drivers
v00a8de60_0 .net "w", 2 0, L_00a99518;  1 drivers
L_00a99518 .concat8 [ 1 1 1 0], L_00a9b1c8, L_00a9aeb0, L_00a9b0a8;
L_00a991a8 .part L_00a99518, 1, 1;
L_00a98e90 .part L_00a99518, 0, 1;
L_00a99150 .part L_00a99518, 2, 1;
S_00a8d0b0 .scope module, "ha0" "half_adder" 2 374, 2 353 0, S_00a8cfe0;
 .timescale 0 0;
    .port_info 0 /OUTPUT 1 "C"
    .port_info 1 /OUTPUT 1 "S"
    .port_info 2 /INPUT 1 "A"
    .port_info 3 /INPUT 1 "B"
L_00a9aeb0 .functor XOR 1, L_00a99200, L_00a99570, C4<0>, C4<0>;
L_00a9b1c8 .functor AND 1, L_00a99200, L_00a99570, C4<1>, C4<1>;
v00a8deb8_0 .net "A", 0 0, L_00a99200;  alias, 1 drivers
v00a8e6a0_0 .net "B", 0 0, L_00a99570;  alias, 1 drivers
v00a8e540_0 .net "C", 0 0, L_00a9b1c8;  1 drivers
v00a8dfc0_0 .net "S", 0 0, L_00a9aeb0;  1 drivers
S_00a8d250 .scope module, "ha1" "half_adder" 2 375, 2 353 0, S_00a8cfe0;
 .timescale 0 0;
    .port_info 0 /OUTPUT 1 "C"
    .port_info 1 /OUTPUT 1 "S"
    .port_info 2 /INPUT 1 "A"
    .port_info 3 /INPUT 1 "B"
L_00a9aef8 .functor XOR 1, L_00a991a8, L_00a994c0, C4<0>, C4<0>;
L_00a9b0a8 .functor AND 1, L_00a991a8, L_00a994c0, C4<1>, C4<1>;
v00a8e120_0 .net "A", 0 0, L_00a991a8;  1 drivers
v00a8de08_0 .net "B", 0 0, L_00a994c0;  alias, 1 drivers
v00a8e0c8_0 .net "C", 0 0, L_00a9b0a8;  1 drivers
v00a8e228_0 .net "S", 0 0, L_00a9aef8;  alias, 1 drivers
S_00a8cb00 .scope module, "fa2" "full_adder" 2 281, 2 366 0, S_00a8c3b0;
 .timescale 0 0;
    .port_info 0 /OUTPUT 1 "CO"
    .port_info 1 /OUTPUT 1 "S"
    .port_info 2 /INPUT 1 "A"
    .port_info 3 /INPUT 1 "B"
    .port_info 4 /INPUT 1 "CI"
L_00a9acb8 .functor OR 1, L_00a99468, L_00a995c8, C4<0>, C4<0>;
v00a912e8_0 .net "A", 0 0, L_00a98f98;  1 drivers
v00a914a0_0 .net "B", 0 0, L_00a99888;  1 drivers
v00a90ec8_0 .net "CI", 0 0, L_00a992b0;  1 drivers
v00a91290_0 .net "CO", 0 0, L_00a9acb8;  1 drivers
v00a91760_0 .net "S", 0 0, L_00a9ae68;  1 drivers
v00a914f8_0 .net *"_s11", 0 0, L_00a99468;  1 drivers
v00a90e70_0 .net *"_s13", 0 0, L_00a995c8;  1 drivers
v00a91398_0 .net "w", 2 0, L_00a99258;  1 drivers
L_00a99258 .concat8 [ 1 1 1 0], L_00a9ab98, L_00a9b210, L_00a9ac28;
L_00a99410 .part L_00a99258, 1, 1;
L_00a99468 .part L_00a99258, 0, 1;
L_00a995c8 .part L_00a99258, 2, 1;
S_00a8d660 .scope module, "ha0" "half_adder" 2 374, 2 353 0, S_00a8cb00;
 .timescale 0 0;
    .port_info 0 /OUTPUT 1 "C"
    .port_info 1 /OUTPUT 1 "S"
    .port_info 2 /INPUT 1 "A"
    .port_info 3 /INPUT 1 "B"
L_00a9b210 .functor XOR 1, L_00a98f98, L_00a99888, C4<0>, C4<0>;
L_00a9ab98 .functor AND 1, L_00a98f98, L_00a99888, C4<1>, C4<1>;
v00a8e490_0 .net "A", 0 0, L_00a98f98;  alias, 1 drivers
v00a8e598_0 .net "B", 0 0, L_00a99888;  alias, 1 drivers
v00a8e3e0_0 .net "C", 0 0, L_00a9ab98;  1 drivers
v00a91340_0 .net "S", 0 0, L_00a9b210;  1 drivers
S_00a8be00 .scope module, "ha1" "half_adder" 2 375, 2 353 0, S_00a8cb00;
 .timescale 0 0;
    .port_info 0 /OUTPUT 1 "C"
    .port_info 1 /OUTPUT 1 "S"
    .port_info 2 /INPUT 1 "A"
    .port_info 3 /INPUT 1 "B"
L_00a9ae68 .functor XOR 1, L_00a99410, L_00a992b0, C4<0>, C4<0>;
L_00a9ac28 .functor AND 1, L_00a99410, L_00a992b0, C4<1>, C4<1>;
v00a91028_0 .net "A", 0 0, L_00a99410;  1 drivers
v00a91238_0 .net "B", 0 0, L_00a992b0;  alias, 1 drivers
v00a90dc0_0 .net "C", 0 0, L_00a9ac28;  1 drivers
v00a917b8_0 .net "S", 0 0, L_00a9ae68;  alias, 1 drivers
S_00a8d320 .scope module, "fa3" "full_adder" 2 282, 2 366 0, S_00a8c3b0;
 .timescale 0 0;
    .port_info 0 /OUTPUT 1 "CO"
    .port_info 1 /OUTPUT 1 "S"
    .port_info 2 /INPUT 1 "A"
    .port_info 3 /INPUT 1 "B"
    .port_info 4 /INPUT 1 "CI"
L_00a9c0d0 .functor OR 1, L_00a99780, L_00a996d0, C4<0>, C4<0>;
v00a91658_0 .net "A", 0 0, L_00a99620;  1 drivers
v00a90f78_0 .net "B", 0 0, L_00a99308;  1 drivers
v00a90fd0_0 .net "CI", 0 0, L_00a99830;  1 drivers
v00a90d68_0 .net "CO", 0 0, L_00a9c0d0;  alias, 1 drivers
v00a916b0_0 .net "S", 0 0, L_00a9ad90;  1 drivers
v00a91708_0 .net *"_s11", 0 0, L_00a99780;  1 drivers
v00a910d8_0 .net *"_s13", 0 0, L_00a996d0;  1 drivers
v00a90d10_0 .net "w", 2 0, L_00a99678;  1 drivers
L_00a99678 .concat8 [ 1 1 1 0], L_00a9ad48, L_00a9ad00, L_00a9ae20;
L_00a99728 .part L_00a99678, 1, 1;
L_00a99780 .part L_00a99678, 0, 1;
L_00a996d0 .part L_00a99678, 2, 1;
S_00a8c6f0 .scope module, "ha0" "half_adder" 2 374, 2 353 0, S_00a8d320;
 .timescale 0 0;
    .port_info 0 /OUTPUT 1 "C"
    .port_info 1 /OUTPUT 1 "S"
    .port_info 2 /INPUT 1 "A"
    .port_info 3 /INPUT 1 "B"
L_00a9ad00 .functor XOR 1, L_00a99620, L_00a99308, C4<0>, C4<0>;
L_00a9ad48 .functor AND 1, L_00a99620, L_00a99308, C4<1>, C4<1>;
v00a90e18_0 .net "A", 0 0, L_00a99620;  alias, 1 drivers
v00a91448_0 .net "B", 0 0, L_00a99308;  alias, 1 drivers
v00a91550_0 .net "C", 0 0, L_00a9ad48;  1 drivers
v00a913f0_0 .net "S", 0 0, L_00a9ad00;  1 drivers
S_00a8c480 .scope module, "ha1" "half_adder" 2 375, 2 353 0, S_00a8d320;
 .timescale 0 0;
    .port_info 0 /OUTPUT 1 "C"
    .port_info 1 /OUTPUT 1 "S"
    .port_info 2 /INPUT 1 "A"
    .port_info 3 /INPUT 1 "B"
L_00a9ad90 .functor XOR 1, L_00a99728, L_00a99830, C4<0>, C4<0>;
L_00a9ae20 .functor AND 1, L_00a99728, L_00a99830, C4<1>, C4<1>;
v00a90f20_0 .net "A", 0 0, L_00a99728;  1 drivers
v00a915a8_0 .net "B", 0 0, L_00a99830;  alias, 1 drivers
v00a91600_0 .net "C", 0 0, L_00a9ae20;  1 drivers
v00a91080_0 .net "S", 0 0, L_00a9ad90;  alias, 1 drivers
S_00a8d3f0 .scope module, "out_reg" "register" 2 186, 2 105 0, S_00a4cbd8;
 .timescale 0 0;
    .port_info 0 /INPUT 4 "P"
    .port_info 1 /OUTPUT 4 "Q"
    .port_info 2 /INPUT 1 "load"
L_00aa47f8 .functor BUFZ 4, v00a92320_0, C4<0000>, C4<0000>, C4<0000>;
v00a92bb8_0 .net "P", 3 0, L_00aa2960;  alias, 1 drivers
v00a92848_0 .net "Q", 3 0, L_00aa47f8;  alias, 1 drivers
v00a92a58_0 .net "load", 0 0, v00a938c8_0;  alias, 1 drivers
v00a92320_0 .var "store", 3 0;
E_00a33340 .event posedge, v00a92a58_0;
S_00a8bed0 .scope module, "x" "xor_this" 2 155, 2 314 0, S_00a4cbd8;
 .timescale 0 0;
    .port_info 0 /OUTPUT 4 "X"
    .port_info 1 /INPUT 4 "A"
    .port_info 2 /INPUT 4 "B"
L_00a9c040 .functor XOR 1, L_00a98e38, L_00a98f40, C4<0>, C4<0>;
L_00a9c868 .functor XOR 1, L_00a990f8, L_00a98ee8, C4<0>, C4<0>;
L_00a9c7d8 .functor XOR 1, L_00a99048, L_00a990a0, C4<0>, C4<0>;
L_00a9c820 .functor XOR 1, L_00a99ba0, L_00a99d00, C4<0>, C4<0>;
v00a92b60_0 .net "A", 3 0, v00a813a0_0;  alias, 1 drivers
v00a92c10_0 .net "B", 3 0, v00a81b30_0;  alias, 1 drivers
v00a92480_0 .net "X", 3 0, L_00a993b8;  alias, 1 drivers
v00a92638_0 .net *"_s0", 0 0, L_00a9c040;  1 drivers
v00a92ab0_0 .net *"_s11", 0 0, L_00a98ee8;  1 drivers
v00a92798_0 .net *"_s12", 0 0, L_00a9c7d8;  1 drivers
v00a928f8_0 .net *"_s15", 0 0, L_00a99048;  1 drivers
v00a92428_0 .net *"_s17", 0 0, L_00a990a0;  1 drivers
v00a924d8_0 .net *"_s18", 0 0, L_00a9c820;  1 drivers
v00a92740_0 .net *"_s22", 0 0, L_00a99ba0;  1 drivers
v00a92c68_0 .net *"_s24", 0 0, L_00a99d00;  1 drivers
v00a92218_0 .net *"_s3", 0 0, L_00a98e38;  1 drivers
v00a92690_0 .net *"_s5", 0 0, L_00a98f40;  1 drivers
v00a92b08_0 .net *"_s6", 0 0, L_00a9c868;  1 drivers
v00a92270_0 .net *"_s9", 0 0, L_00a990f8;  1 drivers
L_00a98e38 .part v00a813a0_0, 0, 1;
L_00a98f40 .part v00a81b30_0, 0, 1;
L_00a990f8 .part v00a813a0_0, 1, 1;
L_00a98ee8 .part v00a81b30_0, 1, 1;
L_00a99048 .part v00a813a0_0, 2, 1;
L_00a990a0 .part v00a81b30_0, 2, 1;
L_00a993b8 .concat8 [ 1 1 1 1], L_00a9c040, L_00a9c868, L_00a9c7d8, L_00a9c820;
L_00a99ba0 .part v00a813a0_0, 3, 1;
L_00a99d00 .part v00a81b30_0, 3, 1;
    .scope S_009f4150;
T_0 ;
    %wait E_00a33368;
    %load/vec4 v00a813f8_0;
    %store/vec4 v00a813a0_0, 0, 4;
    %jmp T_0;
    .thread T_0;
    .scope S_00a82518;
T_1 ;
    %wait E_00a332a0;
    %load/vec4 v00a817c0_0;
    %store/vec4 v00a81b30_0, 0, 4;
    %jmp T_1;
    .thread T_1;
    .scope S_00a8d3f0;
T_2 ;
    %wait E_00a33340;
    %load/vec4 v00a92bb8_0;
    %store/vec4 v00a92320_0, 0, 4;
    %jmp T_2;
    .thread T_2;
    .scope S_00a2b5b0;
T_3 ;
    %wait E_00a33480;
    %load/vec4 v00a93d98_0;
    %store/vec4 v00a93a28_0, 0, 4;
    %jmp T_3;
    .thread T_3, $push;
    .scope S_00a2b5b0;
T_4 ;
    %vpi_call 2 45 "$dumpfile", "wavedata.vcd" {0 0 0};
    %vpi_call 2 46 "$dumpvars", 32'sb00000000000000000000000000000000, S_00a2b5b0 {0 0 0};
    %pushi/vec4 5, 0, 4;
    %store/vec4 v00a93b30_0, 0, 4;
    %pushi/vec4 2, 0, 4;
    %store/vec4 v00a93ea0_0, 0, 4;
    %delay 5, 0;
    %pushi/vec4 1, 0, 1;
    %store/vec4 v00a94058_0, 0, 1;
    %delay 5, 0;
    %pushi/vec4 0, 0, 1;
    %store/vec4 v00a94058_0, 0, 1;
    %delay 5, 0;
    %pushi/vec4 1, 0, 1;
    %store/vec4 v00a93a80_0, 0, 1;
    %delay 5, 0;
    %pushi/vec4 0, 0, 1;
    %store/vec4 v00a93a80_0, 0, 1;
    %delay 5, 0;
    %pushi/vec4 0, 0, 2;
    %store/vec4 v00a93df0_0, 0, 2;
    %delay 5, 0;
    %pushi/vec4 1, 0, 1;
    %store/vec4 v00a938c8_0, 0, 1;
    %delay 5, 0;
    %pushi/vec4 0, 0, 1;
    %store/vec4 v00a938c8_0, 0, 1;
    %vpi_call 2 58 "$display", "%b ^ %b = %b", v00a93b30_0, v00a93ea0_0, v00a93d98_0 {0 0 0};
    %delay 5, 0;
    %pushi/vec4 1, 0, 2;
    %store/vec4 v00a93df0_0, 0, 2;
    %delay 5, 0;
    %pushi/vec4 1, 0, 1;
    %store/vec4 v00a938c8_0, 0, 1;
    %delay 5, 0;
    %pushi/vec4 0, 0, 1;
    %store/vec4 v00a938c8_0, 0, 1;
    %vpi_call 2 62 "$display", "%d + %d = %d", v00a93b30_0, v00a93ea0_0, v00a93d98_0 {0 0 0};
    %delay 5, 0;
    %pushi/vec4 2, 0, 2;
    %store/vec4 v00a93df0_0, 0, 2;
    %delay 5, 0;
    %pushi/vec4 1, 0, 1;
    %store/vec4 v00a938c8_0, 0, 1;
    %delay 5, 0;
    %pushi/vec4 0, 0, 1;
    %store/vec4 v00a938c8_0, 0, 1;
    %vpi_call 2 66 "$display", "%d - %d = %d", v00a93b30_0, v00a93ea0_0, v00a93a28_0 {0 0 0};
    %delay 5, 0;
    %pushi/vec4 3, 0, 2;
    %store/vec4 v00a93df0_0, 0, 2;
    %delay 5, 0;
    %pushi/vec4 1, 0, 1;
    %store/vec4 v00a938c8_0, 0, 1;
    %delay 5, 0;
    %pushi/vec4 0, 0, 1;
    %store/vec4 v00a938c8_0, 0, 1;
    %vpi_call 2 70 "$display", "%d * %d = %d\012", v00a93b30_0, v00a93ea0_0, v00a93d98_0 {0 0 0};
    %delay 5, 0;
    %pushi/vec4 2, 0, 4;
    %store/vec4 v00a93b30_0, 0, 4;
    %pushi/vec4 5, 0, 4;
    %store/vec4 v00a93ea0_0, 0, 4;
    %delay 5, 0;
    %pushi/vec4 1, 0, 1;
    %store/vec4 v00a94058_0, 0, 1;
    %delay 5, 0;
    %pushi/vec4 0, 0, 1;
    %store/vec4 v00a94058_0, 0, 1;
    %delay 5, 0;
    %pushi/vec4 1, 0, 1;
    %store/vec4 v00a93a80_0, 0, 1;
    %delay 5, 0;
    %pushi/vec4 0, 0, 1;
    %store/vec4 v00a93a80_0, 0, 1;
    %delay 5, 0;
    %pushi/vec4 0, 0, 2;
    %store/vec4 v00a93df0_0, 0, 2;
    %delay 5, 0;
    %pushi/vec4 1, 0, 1;
    %store/vec4 v00a938c8_0, 0, 1;
    %delay 5, 0;
    %pushi/vec4 0, 0, 1;
    %store/vec4 v00a938c8_0, 0, 1;
    %vpi_call 2 81 "$display", "%b ^ %b = %b", v00a93b30_0, v00a93ea0_0, v00a93d98_0 {0 0 0};
    %delay 5, 0;
    %pushi/vec4 1, 0, 2;
    %store/vec4 v00a93df0_0, 0, 2;
    %delay 5, 0;
    %pushi/vec4 1, 0, 1;
    %store/vec4 v00a938c8_0, 0, 1;
    %delay 5, 0;
    %pushi/vec4 0, 0, 1;
    %store/vec4 v00a938c8_0, 0, 1;
    %vpi_call 2 85 "$display", "%d + %d = %d", v00a93b30_0, v00a93ea0_0, v00a93d98_0 {0 0 0};
    %delay 5, 0;
    %pushi/vec4 2, 0, 2;
    %store/vec4 v00a93df0_0, 0, 2;
    %delay 5, 0;
    %pushi/vec4 1, 0, 1;
    %store/vec4 v00a938c8_0, 0, 1;
    %delay 5, 0;
    %pushi/vec4 0, 0, 1;
    %store/vec4 v00a938c8_0, 0, 1;
    %vpi_call 2 89 "$display", "%d - %d = %d", v00a93b30_0, v00a93ea0_0, v00a93a28_0 {0 0 0};
    %delay 5, 0;
    %pushi/vec4 3, 0, 2;
    %store/vec4 v00a93df0_0, 0, 2;
    %delay 5, 0;
    %pushi/vec4 1, 0, 1;
    %store/vec4 v00a938c8_0, 0, 1;
    %delay 5, 0;
    %pushi/vec4 0, 0, 1;
    %store/vec4 v00a938c8_0, 0, 1;
    %vpi_call 2 93 "$display", "%d * %d = %d\012", v00a93b30_0, v00a93ea0_0, v00a93d98_0 {0 0 0};
    %end;
    .thread T_4;
# The file index is used to find the file name in the following table.
:file_names 3;
    "N/A";
    "<interactive>";
    "alutestbed.v";
